<?xml version="1.0" ?>
<!DOCTYPE coverage SYSTEM "https://cobertura.sourceforge.net/xml/coverage-04.dtd">
<coverage branch-rate="0" branches-covered="0" branches-valid="0" complexity="0" line-rate="0.9210241615578796" lines-covered="2554" lines-valid="2773" timestamp="1755711514" version="2.0.3">
    <sources>
        <source>/home/seb/Dev/miaou</source>
    </sources>
    <packages>
        <package line-rate="0.8148148148148148" branch-rate="0" name="src" complexity="0">
            <classes>
                <class branch-rate="0" complexity="0" filename="src/lib.rs" line-rate="1" name="src.lib.rs">
                    <methods>
                        <method name="miaou::tests::test_crypto_re_exports" signature="" complexity="0" line-rate="1" branch-rate="1">
                            <lines>
                                <line hits="1" number="60" branch="false"/>
                            </lines>
                        </method>
                        <method name="miaou::tests::test_modular_architecture" signature="" complexity="0" line-rate="1" branch-rate="1">
                            <lines>
                                <line hits="1" number="47" branch="false"/>
                            </lines>
                        </method>
                    </methods>
                    <lines>
                        <line branch="false" hits="1" number="47"/>
                        <line branch="false" hits="1" number="49"/>
                        <line branch="false" hits="1" number="50"/>
                        <line branch="false" hits="1" number="53"/>
                        <line branch="false" hits="1" number="56"/>
                        <line branch="false" hits="1" number="57"/>
                        <line branch="false" hits="1" number="60"/>
                        <line branch="false" hits="1" number="62"/>
                        <line branch="false" hits="1" number="63"/>
                        <line branch="false" hits="1" number="64"/>
                        <line branch="false" hits="1" number="65"/>
                        <line branch="false" hits="1" number="67"/>
                        <line branch="false" hits="1" number="68"/>
                        <line branch="false" hits="1" number="69"/>
                        <line branch="false" hits="1" number="72"/>
                        <line branch="false" hits="1" number="73"/>
                        <line branch="false" hits="1" number="74"/>
                        <line branch="false" hits="1" number="75"/>
                        <line branch="false" hits="1" number="78"/>
                        <line branch="false" hits="1" number="79"/>
                        <line branch="false" hits="1" number="80"/>
                        <line branch="false" hits="1" number="81"/>
                    </lines>
                </class>
                <class branch-rate="0" complexity="0" filename="src/main.rs" line-rate="0" name="src.main.rs">
                    <methods>
                        <method name="miaou::main" signature="" complexity="0" line-rate="0" branch-rate="0">
                            <lines>
                                <line hits="0" number="4" branch="false"/>
                            </lines>
                        </method>
                    </methods>
                    <lines>
                        <line branch="false" hits="0" number="4"/>
                        <line branch="false" hits="0" number="5"/>
                        <line branch="false" hits="0" number="6"/>
                        <line branch="false" hits="0" number="15"/>
                        <line branch="false" hits="0" number="16"/>
                    </lines>
                </class>
            </classes>
        </package>
        <package line-rate="0.9891378139850645" branch-rate="0" name="miaou-crypto.src" complexity="0">
            <classes>
                <class branch-rate="0" complexity="0" filename="miaou-crypto/src/sign.rs" line-rate="0.9965397923875432" name="miaou-crypto.src.sign.rs">
                    <methods>
                        <method name="&lt;miaou_crypto::sign::SigningKeyRef&gt;::generate::&lt;rand_core::os::OsRng&gt;" signature="" complexity="0" line-rate="1" branch-rate="1">
                            <lines>
                                <line hits="6" number="28" branch="false"/>
                            </lines>
                        </method>
                        <method name="&lt;miaou_crypto::sign::Keypair&gt;::generate_with_rng::&lt;rand_core::os::OsRng&gt;" signature="" complexity="0" line-rate="1" branch-rate="1">
                            <lines>
                                <line hits="2" number="189" branch="false"/>
                            </lines>
                        </method>
                        <method name="miaou_crypto::sign::tests::test_zeroization::assert_zeroize_on_drop::&lt;miaou_crypto::sign::SigningKeyRef&gt;" signature="" complexity="0" line-rate="1" branch-rate="1">
                            <lines>
                                <line hits="1" number="324" branch="false"/>
                            </lines>
                        </method>
                        <method name="&lt;miaou_crypto::sign::VerifyingKeyRef&gt;::from_bytes::{closure#0}" signature="" complexity="0" line-rate="0" branch-rate="0">
                            <lines>
                                <line hits="0" number="77" branch="false"/>
                            </lines>
                        </method>
                        <method name="&lt;miaou_crypto::sign::VerifyingKeyRef&gt;::from_bytes::{closure#0}" signature="" complexity="0" line-rate="1" branch-rate="1">
                            <lines>
                                <line hits="3" number="77" branch="false"/>
                            </lines>
                        </method>
                        <method name="&lt;miaou_crypto::sign::SigningKeyRef&gt;::from_bytes" signature="" complexity="0" line-rate="1" branch-rate="1">
                            <lines>
                                <line hits="9" number="20" branch="false"/>
                            </lines>
                        </method>
                        <method name="&lt;miaou_crypto::sign::SigningKeyRef&gt;::verifying_key" signature="" complexity="0" line-rate="1" branch-rate="1">
                            <lines>
                                <line hits="37" number="36" branch="false"/>
                            </lines>
                        </method>
                        <method name="&lt;miaou_crypto::sign::SigningKeyRef&gt;::sign" signature="" complexity="0" line-rate="1" branch-rate="1">
                            <lines>
                                <line hits="2013" number="50" branch="false"/>
                            </lines>
                        </method>
                        <method name="&lt;miaou_crypto::sign::SigningKeyRef&gt;::to_bytes" signature="" complexity="0" line-rate="1" branch-rate="1">
                            <lines>
                                <line hits="14" number="44" branch="false"/>
                            </lines>
                        </method>
                        <method name="&lt;miaou_crypto::sign::SigningKeyRef&gt;::from_bytes" signature="" complexity="0" line-rate="1" branch-rate="1">
                            <lines>
                                <line hits="3" number="20" branch="false"/>
                            </lines>
                        </method>
                        <method name="&lt;miaou_crypto::sign::SigningKeyRef&gt;::verifying_key" signature="" complexity="0" line-rate="1" branch-rate="1">
                            <lines>
                                <line hits="24" number="36" branch="false"/>
                            </lines>
                        </method>
                        <method name="&lt;miaou_crypto::sign::SigningKeyRef&gt;::sign" signature="" complexity="0" line-rate="1" branch-rate="1">
                            <lines>
                                <line hits="13" number="50" branch="false"/>
                            </lines>
                        </method>
                        <method name="&lt;miaou_crypto::sign::SigningKeyRef&gt;::to_bytes" signature="" complexity="0" line-rate="1" branch-rate="1">
                            <lines>
                                <line hits="8" number="44" branch="false"/>
                            </lines>
                        </method>
                        <method name="&lt;miaou_crypto::sign::VerifyingKeyRef&gt;::from_bytes" signature="" complexity="0" line-rate="0" branch-rate="0">
                            <lines>
                                <line hits="0" number="75" branch="false"/>
                            </lines>
                        </method>
                        <method name="&lt;miaou_crypto::sign::VerifyingKeyRef&gt;::to_hex" signature="" complexity="0" line-rate="0" branch-rate="0">
                            <lines>
                                <line hits="0" number="99" branch="false"/>
                            </lines>
                        </method>
                        <method name="&lt;miaou_crypto::sign::VerifyingKeyRef&gt;::verify" signature="" complexity="0" line-rate="1" branch-rate="1">
                            <lines>
                                <line hits="14" number="91" branch="false"/>
                            </lines>
                        </method>
                        <method name="&lt;miaou_crypto::sign::VerifyingKeyRef&gt;::from_hex" signature="" complexity="0" line-rate="0" branch-rate="0">
                            <lines>
                                <line hits="0" number="107" branch="false"/>
                            </lines>
                        </method>
                        <method name="&lt;miaou_crypto::sign::VerifyingKeyRef&gt;::to_bytes" signature="" complexity="0" line-rate="1" branch-rate="1">
                            <lines>
                                <line hits="40" number="83" branch="false"/>
                            </lines>
                        </method>
                        <method name="&lt;miaou_crypto::sign::VerifyingKeyRef&gt;::from_bytes" signature="" complexity="0" line-rate="1" branch-rate="1">
                            <lines>
                                <line hits="3" number="75" branch="false"/>
                            </lines>
                        </method>
                        <method name="&lt;miaou_crypto::sign::VerifyingKeyRef&gt;::to_hex" signature="" complexity="0" line-rate="1" branch-rate="1">
                            <lines>
                                <line hits="1" number="99" branch="false"/>
                            </lines>
                        </method>
                        <method name="&lt;miaou_crypto::sign::VerifyingKeyRef&gt;::verify" signature="" complexity="0" line-rate="1" branch-rate="1">
                            <lines>
                                <line hits="11" number="91" branch="false"/>
                            </lines>
                        </method>
                        <method name="&lt;miaou_crypto::sign::VerifyingKeyRef&gt;::from_hex" signature="" complexity="0" line-rate="1" branch-rate="1">
                            <lines>
                                <line hits="4" number="107" branch="false"/>
                            </lines>
                        </method>
                        <method name="&lt;miaou_crypto::sign::VerifyingKeyRef&gt;::to_bytes" signature="" complexity="0" line-rate="1" branch-rate="1">
                            <lines>
                                <line hits="16" number="83" branch="false"/>
                            </lines>
                        </method>
                        <method name="&lt;miaou_crypto::sign::Signature&gt;::from_bytes" signature="" complexity="0" line-rate="0" branch-rate="0">
                            <lines>
                                <line hits="0" number="132" branch="false"/>
                            </lines>
                        </method>
                        <method name="&lt;miaou_crypto::sign::Signature&gt;::to_hex" signature="" complexity="0" line-rate="0" branch-rate="0">
                            <lines>
                                <line hits="0" number="146" branch="false"/>
                            </lines>
                        </method>
                        <method name="&lt;miaou_crypto::sign::Signature&gt;::from_hex" signature="" complexity="0" line-rate="0" branch-rate="0">
                            <lines>
                                <line hits="0" number="154" branch="false"/>
                            </lines>
                        </method>
                        <method name="&lt;miaou_crypto::sign::Signature&gt;::to_bytes" signature="" complexity="0" line-rate="1" branch-rate="1">
                            <lines>
                                <line hits="3" number="140" branch="false"/>
                            </lines>
                        </method>
                        <method name="&lt;miaou_crypto::sign::Signature&gt;::from_bytes" signature="" complexity="0" line-rate="1" branch-rate="1">
                            <lines>
                                <line hits="3" number="132" branch="false"/>
                            </lines>
                        </method>
                        <method name="&lt;miaou_crypto::sign::Signature&gt;::to_hex" signature="" complexity="0" line-rate="1" branch-rate="1">
                            <lines>
                                <line hits="1" number="146" branch="false"/>
                            </lines>
                        </method>
                        <method name="&lt;miaou_crypto::sign::Signature&gt;::from_hex" signature="" complexity="0" line-rate="1" branch-rate="1">
                            <lines>
                                <line hits="4" number="154" branch="false"/>
                            </lines>
                        </method>
                        <method name="&lt;miaou_crypto::sign::Signature&gt;::to_bytes" signature="" complexity="0" line-rate="1" branch-rate="1">
                            <lines>
                                <line hits="3" number="140" branch="false"/>
                            </lines>
                        </method>
                        <method name="&lt;miaou_crypto::sign::Keypair&gt;::public_key" signature="" complexity="0" line-rate="0" branch-rate="0">
                            <lines>
                                <line hits="0" number="240" branch="false"/>
                            </lines>
                        </method>
                        <method name="&lt;miaou_crypto::sign::Keypair&gt;::secret_key" signature="" complexity="0" line-rate="0" branch-rate="0">
                            <lines>
                                <line hits="0" number="246" branch="false"/>
                            </lines>
                        </method>
                        <method name="&lt;miaou_crypto::sign::Keypair&gt;::public_bytes" signature="" complexity="0" line-rate="0" branch-rate="0">
                            <lines>
                                <line hits="0" number="228" branch="false"/>
                            </lines>
                        </method>
                        <method name="&lt;miaou_crypto::sign::Keypair&gt;::secret_bytes" signature="" complexity="0" line-rate="0" branch-rate="0">
                            <lines>
                                <line hits="0" number="234" branch="false"/>
                            </lines>
                        </method>
                        <method name="&lt;miaou_crypto::sign::Keypair&gt;::from_secret_key" signature="" complexity="0" line-rate="0" branch-rate="0">
                            <lines>
                                <line hits="0" number="197" branch="false"/>
                            </lines>
                        </method>
                        <method name="&lt;miaou_crypto::sign::Keypair&gt;::from_private_bytes" signature="" complexity="0" line-rate="1" branch-rate="1">
                            <lines>
                                <line hits="9" number="206" branch="false"/>
                            </lines>
                        </method>
                        <method name="&lt;miaou_crypto::sign::Keypair&gt;::sign" signature="" complexity="0" line-rate="1" branch-rate="1">
                            <lines>
                                <line hits="2013" number="214" branch="false"/>
                            </lines>
                        </method>
                        <method name="&lt;miaou_crypto::sign::Keypair&gt;::verify" signature="" complexity="0" line-rate="1" branch-rate="1">
                            <lines>
                                <line hits="14" number="222" branch="false"/>
                            </lines>
                        </method>
                        <method name="&lt;miaou_crypto::sign::Keypair&gt;::generate" signature="" complexity="0" line-rate="1" branch-rate="1">
                            <lines>
                                <line hits="28" number="179" branch="false"/>
                            </lines>
                        </method>
                        <method name="&lt;miaou_crypto::sign::Keypair&gt;::public_key" signature="" complexity="0" line-rate="1" branch-rate="1">
                            <lines>
                                <line hits="1" number="240" branch="false"/>
                            </lines>
                        </method>
                        <method name="&lt;miaou_crypto::sign::Keypair&gt;::secret_key" signature="" complexity="0" line-rate="1" branch-rate="1">
                            <lines>
                                <line hits="1" number="246" branch="false"/>
                            </lines>
                        </method>
                        <method name="&lt;miaou_crypto::sign::Keypair&gt;::public_bytes" signature="" complexity="0" line-rate="1" branch-rate="1">
                            <lines>
                                <line hits="5" number="228" branch="false"/>
                            </lines>
                        </method>
                        <method name="&lt;miaou_crypto::sign::Keypair&gt;::secret_bytes" signature="" complexity="0" line-rate="1" branch-rate="1">
                            <lines>
                                <line hits="6" number="234" branch="false"/>
                            </lines>
                        </method>
                        <method name="&lt;miaou_crypto::sign::Keypair&gt;::from_secret_key" signature="" complexity="0" line-rate="1" branch-rate="1">
                            <lines>
                                <line hits="1" number="197" branch="false"/>
                            </lines>
                        </method>
                        <method name="&lt;miaou_crypto::sign::Keypair&gt;::from_private_bytes" signature="" complexity="0" line-rate="1" branch-rate="1">
                            <lines>
                                <line hits="1" number="206" branch="false"/>
                            </lines>
                        </method>
                        <method name="&lt;miaou_crypto::sign::Keypair&gt;::sign" signature="" complexity="0" line-rate="1" branch-rate="1">
                            <lines>
                                <line hits="10" number="214" branch="false"/>
                            </lines>
                        </method>
                        <method name="&lt;miaou_crypto::sign::Keypair&gt;::verify" signature="" complexity="0" line-rate="1" branch-rate="1">
                            <lines>
                                <line hits="5" number="222" branch="false"/>
                            </lines>
                        </method>
                        <method name="&lt;miaou_crypto::sign::Keypair&gt;::generate" signature="" complexity="0" line-rate="1" branch-rate="1">
                            <lines>
                                <line hits="15" number="179" branch="false"/>
                            </lines>
                        </method>
                        <method name="miaou_crypto::sign::tests::test_zeroization" signature="" complexity="0" line-rate="1" branch-rate="1">
                            <lines>
                                <line hits="1" number="322" branch="false"/>
                            </lines>
                        </method>
                        <method name="miaou_crypto::sign::tests::test_hex_encoding" signature="" complexity="0" line-rate="1" branch-rate="1">
                            <lines>
                                <line hits="1" number="306" branch="false"/>
                            </lines>
                        </method>
                        <method name="miaou_crypto::sign::tests::test_key_serialization" signature="" complexity="0" line-rate="1" branch-rate="1">
                            <lines>
                                <line hits="1" number="289" branch="false"/>
                            </lines>
                        </method>
                        <method name="miaou_crypto::sign::tests::test_keypair_generation" signature="" complexity="0" line-rate="1" branch-rate="1">
                            <lines>
                                <line hits="1" number="266" branch="false"/>
                            </lines>
                        </method>
                        <method name="miaou_crypto::sign::tests::test_cross_compatibility" signature="" complexity="0" line-rate="1" branch-rate="1">
                            <lines>
                                <line hits="1" number="542" branch="false"/>
                            </lines>
                        </method>
                        <method name="miaou_crypto::sign::tests::test_no_debug_on_secrets" signature="" complexity="0" line-rate="1" branch-rate="1">
                            <lines>
                                <line hits="1" number="329" branch="false"/>
                            </lines>
                        </method>
                        <method name="miaou_crypto::sign::tests::test_keypair_debug_format" signature="" complexity="0" line-rate="1" branch-rate="1">
                            <lines>
                                <line hits="1" number="501" branch="false"/>
                            </lines>
                        </method>
                        <method name="miaou_crypto::sign::tests::test_keypair_key_references" signature="" complexity="0" line-rate="1" branch-rate="1">
                            <lines>
                                <line hits="1" number="485" branch="false"/>
                            </lines>
                        </method>
                        <method name="miaou_crypto::sign::tests::test_signature_verification" signature="" complexity="0" line-rate="1" branch-rate="1">
                            <lines>
                                <line hits="1" number="275" branch="false"/>
                            </lines>
                        </method>
                        <method name="miaou_crypto::sign::tests::test_keypair_from_secret_key" signature="" complexity="0" line-rate="1" branch-rate="1">
                            <lines>
                                <line hits="1" number="441" branch="false"/>
                            </lines>
                        </method>
                        <method name="miaou_crypto::sign::tests::test_signing_key_ref_to_bytes" signature="" complexity="0" line-rate="1" branch-rate="1">
                            <lines>
                                <line hits="1" number="358" branch="false"/>
                            </lines>
                        </method>
                        <method name="miaou_crypto::sign::tests::test_keypair_generate_with_rng" signature="" complexity="0" line-rate="1" branch-rate="1">
                            <lines>
                                <line hits="1" number="430" branch="false"/>
                            </lines>
                        </method>
                        <method name="miaou_crypto::sign::tests::test_keypair_from_private_bytes" signature="" complexity="0" line-rate="1" branch-rate="1">
                            <lines>
                                <line hits="1" number="452" branch="false"/>
                            </lines>
                        </method>
                        <method name="miaou_crypto::sign::tests::test_signature_from_hex_invalid" signature="" complexity="0" line-rate="1" branch-rate="1">
                            <lines>
                                <line hits="1" number="417" branch="false"/>
                            </lines>
                        </method>
                        <method name="miaou_crypto::sign::tests::test_signing_key_ref_from_bytes" signature="" complexity="0" line-rate="1" branch-rate="1">
                            <lines>
                                <line hits="1" number="338" branch="false"/>
                            </lines>
                        </method>
                        <method name="miaou_crypto::sign::tests::test_signature_from_bytes_to_bytes" signature="" complexity="0" line-rate="1" branch-rate="1">
                            <lines>
                                <line hits="1" number="404" branch="false"/>
                            </lines>
                        </method>
                        <method name="miaou_crypto::sign::tests::test_signing_key_ref_debug_redacted" signature="" complexity="0" line-rate="1" branch-rate="1">
                            <lines>
                                <line hits="1" number="373" branch="false"/>
                            </lines>
                        </method>
                        <method name="miaou_crypto::sign::tests::test_sign_verify_wrong_message_fails" signature="" complexity="0" line-rate="1" branch-rate="1">
                            <lines>
                                <line hits="1" number="512" branch="false"/>
                            </lines>
                        </method>
                        <method name="miaou_crypto::sign::tests::test_keypair_public_bytes_secret_bytes" signature="" complexity="0" line-rate="1" branch-rate="1">
                            <lines>
                                <line hits="1" number="470" branch="false"/>
                            </lines>
                        </method>
                        <method name="miaou_crypto::sign::tests::test_signing_key_ref_generate_with_rng" signature="" complexity="0" line-rate="1" branch-rate="1">
                            <lines>
                                <line hits="1" number="348" branch="false"/>
                            </lines>
                        </method>
                        <method name="miaou_crypto::sign::tests::test_verifying_key_ref_from_hex_invalid" signature="" complexity="0" line-rate="1" branch-rate="1">
                            <lines>
                                <line hits="1" number="391" branch="false"/>
                            </lines>
                        </method>
                        <method name="miaou_crypto::sign::tests::test_verifying_key_ref_from_bytes_invalid" signature="" complexity="0" line-rate="1" branch-rate="1">
                            <lines>
                                <line hits="1" number="381" branch="false"/>
                            </lines>
                        </method>
                        <method name="miaou_crypto::sign::tests::test_verifying_key_verify_wrong_signature_fails" signature="" complexity="0" line-rate="1" branch-rate="1">
                            <lines>
                                <line hits="1" number="527" branch="false"/>
                            </lines>
                        </method>
                        <method name="&lt;miaou_crypto::sign::Keypair as core::fmt::Debug&gt;::fmt" signature="" complexity="0" line-rate="0" branch-rate="0">
                            <lines>
                                <line hits="0" number="253" branch="false"/>
                            </lines>
                        </method>
                        <method name="&lt;miaou_crypto::sign::Keypair as core::fmt::Debug&gt;::fmt" signature="" complexity="0" line-rate="1" branch-rate="1">
                            <lines>
                                <line hits="2" number="253" branch="false"/>
                            </lines>
                        </method>
                        <method name="&lt;miaou_crypto::sign::SigningKeyRef as core::fmt::Debug&gt;::fmt" signature="" complexity="0" line-rate="0" branch-rate="0">
                            <lines>
                                <line hits="0" number="59" branch="false"/>
                            </lines>
                        </method>
                        <method name="&lt;miaou_crypto::sign::SigningKeyRef as core::fmt::Debug&gt;::fmt" signature="" complexity="0" line-rate="1" branch-rate="1">
                            <lines>
                                <line hits="1" number="59" branch="false"/>
                            </lines>
                        </method>
                    </methods>
                    <lines>
                        <line branch="false" hits="12" number="20"/>
                        <line branch="false" hits="12" number="21"/>
                        <line branch="false" hits="12" number="22"/>
                        <line branch="false" hits="12" number="23"/>
                        <line branch="false" hits="12" number="24"/>
                        <line branch="false" hits="6" number="28"/>
                        <line branch="false" hits="6" number="29"/>
                        <line branch="false" hits="6" number="30"/>
                        <line branch="false" hits="6" number="31"/>
                        <line branch="false" hits="6" number="32"/>
                        <line branch="false" hits="61" number="36"/>
                        <line branch="false" hits="61" number="37"/>
                        <line branch="false" hits="61" number="38"/>
                        <line branch="false" hits="61" number="39"/>
                        <line branch="false" hits="61" number="40"/>
                        <line branch="false" hits="22" number="44"/>
                        <line branch="false" hits="22" number="45"/>
                        <line branch="false" hits="22" number="46"/>
                        <line branch="false" hits="2026" number="50"/>
                        <line branch="false" hits="2026" number="51"/>
                        <line branch="false" hits="2026" number="52"/>
                        <line branch="false" hits="2026" number="53"/>
                        <line branch="false" hits="2026" number="54"/>
                        <line branch="false" hits="1" number="59"/>
                        <line branch="false" hits="1" number="60"/>
                        <line branch="false" hits="1" number="61"/>
                        <line branch="false" hits="3" number="75"/>
                        <line branch="false" hits="3" number="76"/>
                        <line branch="false" hits="3" number="77"/>
                        <line branch="false" hits="3" number="78"/>
                        <line branch="false" hits="3" number="79"/>
                        <line branch="false" hits="56" number="83"/>
                        <line branch="false" hits="56" number="84"/>
                        <line branch="false" hits="56" number="85"/>
                        <line branch="false" hits="25" number="91"/>
                        <line branch="false" hits="25" number="92"/>
                        <line branch="false" hits="25" number="93"/>
                        <line branch="false" hits="25" number="94"/>
                        <line branch="false" hits="25" number="95"/>
                        <line branch="false" hits="1" number="99"/>
                        <line branch="false" hits="1" number="100"/>
                        <line branch="false" hits="1" number="101"/>
                        <line branch="false" hits="4" number="107"/>
                        <line branch="false" hits="4" number="108"/>
                        <line branch="false" hits="3" number="110"/>
                        <line branch="false" hits="2" number="111"/>
                        <line branch="false" hits="1" number="112"/>
                        <line branch="false" hits="1" number="114"/>
                        <line branch="false" hits="1" number="115"/>
                        <line branch="false" hits="1" number="117"/>
                        <line branch="false" hits="4" number="118"/>
                        <line branch="false" hits="3" number="132"/>
                        <line branch="false" hits="3" number="133"/>
                        <line branch="false" hits="3" number="134"/>
                        <line branch="false" hits="3" number="135"/>
                        <line branch="false" hits="3" number="136"/>
                        <line branch="false" hits="6" number="140"/>
                        <line branch="false" hits="6" number="141"/>
                        <line branch="false" hits="6" number="142"/>
                        <line branch="false" hits="1" number="146"/>
                        <line branch="false" hits="1" number="147"/>
                        <line branch="false" hits="1" number="148"/>
                        <line branch="false" hits="4" number="154"/>
                        <line branch="false" hits="4" number="155"/>
                        <line branch="false" hits="3" number="157"/>
                        <line branch="false" hits="2" number="158"/>
                        <line branch="false" hits="1" number="159"/>
                        <line branch="false" hits="1" number="161"/>
                        <line branch="false" hits="1" number="162"/>
                        <line branch="false" hits="1" number="164"/>
                        <line branch="false" hits="4" number="165"/>
                        <line branch="false" hits="43" number="179"/>
                        <line branch="false" hits="43" number="180"/>
                        <line branch="false" hits="43" number="181"/>
                        <line branch="false" hits="43" number="182"/>
                        <line branch="false" hits="43" number="183"/>
                        <line branch="false" hits="43" number="184"/>
                        <line branch="false" hits="43" number="185"/>
                        <line branch="false" hits="2" number="189"/>
                        <line branch="false" hits="2" number="190"/>
                        <line branch="false" hits="2" number="191"/>
                        <line branch="false" hits="2" number="192"/>
                        <line branch="false" hits="2" number="193"/>
                        <line branch="false" hits="1" number="197"/>
                        <line branch="false" hits="1" number="198"/>
                        <line branch="false" hits="1" number="199"/>
                        <line branch="false" hits="1" number="200"/>
                        <line branch="false" hits="10" number="206"/>
                        <line branch="false" hits="10" number="207"/>
                        <line branch="false" hits="10" number="208"/>
                        <line branch="false" hits="10" number="209"/>
                        <line branch="false" hits="10" number="210"/>
                        <line branch="false" hits="2023" number="214"/>
                        <line branch="false" hits="2023" number="215"/>
                        <line branch="false" hits="2023" number="216"/>
                        <line branch="false" hits="19" number="222"/>
                        <line branch="false" hits="19" number="223"/>
                        <line branch="false" hits="19" number="224"/>
                        <line branch="false" hits="5" number="228"/>
                        <line branch="false" hits="5" number="229"/>
                        <line branch="false" hits="5" number="230"/>
                        <line branch="false" hits="6" number="234"/>
                        <line branch="false" hits="6" number="235"/>
                        <line branch="false" hits="6" number="236"/>
                        <line branch="false" hits="1" number="240"/>
                        <line branch="false" hits="1" number="241"/>
                        <line branch="false" hits="1" number="242"/>
                        <line branch="false" hits="1" number="246"/>
                        <line branch="false" hits="1" number="247"/>
                        <line branch="false" hits="1" number="248"/>
                        <line branch="false" hits="2" number="253"/>
                        <line branch="false" hits="2" number="254"/>
                        <line branch="false" hits="2" number="255"/>
                        <line branch="false" hits="2" number="256"/>
                        <line branch="false" hits="2" number="257"/>
                        <line branch="false" hits="2" number="258"/>
                        <line branch="false" hits="1" number="266"/>
                        <line branch="false" hits="1" number="267"/>
                        <line branch="false" hits="1" number="268"/>
                        <line branch="false" hits="1" number="270"/>
                        <line branch="false" hits="1" number="271"/>
                        <line branch="false" hits="1" number="272"/>
                        <line branch="false" hits="1" number="275"/>
                        <line branch="false" hits="1" number="276"/>
                        <line branch="false" hits="1" number="277"/>
                        <line branch="false" hits="1" number="279"/>
                        <line branch="false" hits="1" number="282"/>
                        <line branch="false" hits="1" number="285"/>
                        <line branch="false" hits="1" number="286"/>
                        <line branch="false" hits="1" number="289"/>
                        <line branch="false" hits="1" number="290"/>
                        <line branch="false" hits="1" number="293"/>
                        <line branch="false" hits="1" number="294"/>
                        <line branch="false" hits="1" number="295"/>
                        <line branch="false" hits="1" number="298"/>
                        <line branch="false" hits="1" number="299"/>
                        <line branch="false" hits="1" number="300"/>
                        <line branch="false" hits="1" number="301"/>
                        <line branch="false" hits="1" number="302"/>
                        <line branch="false" hits="1" number="303"/>
                        <line branch="false" hits="1" number="306"/>
                        <line branch="false" hits="1" number="307"/>
                        <line branch="false" hits="1" number="310"/>
                        <line branch="false" hits="1" number="311"/>
                        <line branch="false" hits="1" number="312"/>
                        <line branch="false" hits="1" number="315"/>
                        <line branch="false" hits="1" number="316"/>
                        <line branch="false" hits="1" number="317"/>
                        <line branch="false" hits="1" number="318"/>
                        <line branch="false" hits="1" number="319"/>
                        <line branch="false" hits="1" number="322"/>
                        <line branch="false" hits="1" number="324"/>
                        <line branch="false" hits="1" number="325"/>
                        <line branch="false" hits="1" number="326"/>
                        <line branch="false" hits="1" number="329"/>
                        <line branch="false" hits="1" number="331"/>
                        <line branch="false" hits="1" number="332"/>
                        <line branch="false" hits="1" number="333"/>
                        <line branch="false" hits="1" number="334"/>
                        <line branch="false" hits="1" number="335"/>
                        <line branch="false" hits="1" number="338"/>
                        <line branch="false" hits="1" number="339"/>
                        <line branch="false" hits="1" number="340"/>
                        <line branch="false" hits="1" number="343"/>
                        <line branch="false" hits="1" number="344"/>
                        <line branch="false" hits="1" number="345"/>
                        <line branch="false" hits="1" number="348"/>
                        <line branch="false" hits="1" number="349"/>
                        <line branch="false" hits="1" number="350"/>
                        <line branch="false" hits="1" number="353"/>
                        <line branch="false" hits="1" number="354"/>
                        <line branch="false" hits="1" number="355"/>
                        <line branch="false" hits="1" number="358"/>
                        <line branch="false" hits="1" number="359"/>
                        <line branch="false" hits="1" number="360"/>
                        <line branch="false" hits="1" number="362"/>
                        <line branch="false" hits="1" number="365"/>
                        <line branch="false" hits="1" number="366"/>
                        <line branch="false" hits="1" number="367"/>
                        <line branch="false" hits="1" number="369"/>
                        <line branch="false" hits="1" number="370"/>
                        <line branch="false" hits="1" number="373"/>
                        <line branch="false" hits="1" number="374"/>
                        <line branch="false" hits="1" number="375"/>
                        <line branch="false" hits="1" number="377"/>
                        <line branch="false" hits="1" number="378"/>
                        <line branch="false" hits="1" number="381"/>
                        <line branch="false" hits="1" number="383"/>
                        <line branch="false" hits="1" number="384"/>
                        <line branch="false" hits="1" number="385"/>
                        <line branch="false" hits="0" number="386"/>
                        <line branch="false" hits="1" number="388"/>
                        <line branch="false" hits="1" number="391"/>
                        <line branch="false" hits="1" number="393"/>
                        <line branch="false" hits="1" number="396"/>
                        <line branch="false" hits="1" number="399"/>
                        <line branch="false" hits="1" number="400"/>
                        <line branch="false" hits="1" number="401"/>
                        <line branch="false" hits="1" number="404"/>
                        <line branch="false" hits="1" number="405"/>
                        <line branch="false" hits="1" number="406"/>
                        <line branch="false" hits="1" number="407"/>
                        <line branch="false" hits="1" number="409"/>
                        <line branch="false" hits="1" number="410"/>
                        <line branch="false" hits="1" number="412"/>
                        <line branch="false" hits="1" number="413"/>
                        <line branch="false" hits="1" number="414"/>
                        <line branch="false" hits="1" number="417"/>
                        <line branch="false" hits="1" number="419"/>
                        <line branch="false" hits="1" number="422"/>
                        <line branch="false" hits="1" number="425"/>
                        <line branch="false" hits="1" number="426"/>
                        <line branch="false" hits="1" number="427"/>
                        <line branch="false" hits="1" number="430"/>
                        <line branch="false" hits="1" number="431"/>
                        <line branch="false" hits="1" number="432"/>
                        <line branch="false" hits="1" number="433"/>
                        <line branch="false" hits="1" number="436"/>
                        <line branch="false" hits="1" number="437"/>
                        <line branch="false" hits="1" number="438"/>
                        <line branch="false" hits="1" number="441"/>
                        <line branch="false" hits="1" number="442"/>
                        <line branch="false" hits="1" number="443"/>
                        <line branch="false" hits="1" number="445"/>
                        <line branch="false" hits="1" number="448"/>
                        <line branch="false" hits="1" number="449"/>
                        <line branch="false" hits="1" number="452"/>
                        <line branch="false" hits="1" number="453"/>
                        <line branch="false" hits="1" number="454"/>
                        <line branch="false" hits="1" number="456"/>
                        <line branch="false" hits="1" number="459"/>
                        <line branch="false" hits="1" number="460"/>
                        <line branch="false" hits="1" number="461"/>
                        <line branch="false" hits="1" number="463"/>
                        <line branch="false" hits="1" number="464"/>
                        <line branch="false" hits="1" number="465"/>
                        <line branch="false" hits="1" number="467"/>
                        <line branch="false" hits="1" number="470"/>
                        <line branch="false" hits="1" number="471"/>
                        <line branch="false" hits="1" number="473"/>
                        <line branch="false" hits="1" number="474"/>
                        <line branch="false" hits="1" number="476"/>
                        <line branch="false" hits="1" number="477"/>
                        <line branch="false" hits="1" number="480"/>
                        <line branch="false" hits="1" number="481"/>
                        <line branch="false" hits="1" number="482"/>
                        <line branch="false" hits="1" number="485"/>
                        <line branch="false" hits="1" number="486"/>
                        <line branch="false" hits="1" number="488"/>
                        <line branch="false" hits="1" number="489"/>
                        <line branch="false" hits="1" number="492"/>
                        <line branch="false" hits="1" number="494"/>
                        <line branch="false" hits="1" number="495"/>
                        <line branch="false" hits="1" number="496"/>
                        <line branch="false" hits="1" number="497"/>
                        <line branch="false" hits="1" number="498"/>
                        <line branch="false" hits="1" number="501"/>
                        <line branch="false" hits="1" number="502"/>
                        <line branch="false" hits="1" number="503"/>
                        <line branch="false" hits="1" number="506"/>
                        <line branch="false" hits="1" number="507"/>
                        <line branch="false" hits="1" number="508"/>
                        <line branch="false" hits="1" number="509"/>
                        <line branch="false" hits="1" number="512"/>
                        <line branch="false" hits="1" number="513"/>
                        <line branch="false" hits="1" number="514"/>
                        <line branch="false" hits="1" number="515"/>
                        <line branch="false" hits="1" number="517"/>
                        <line branch="false" hits="1" number="520"/>
                        <line branch="false" hits="1" number="523"/>
                        <line branch="false" hits="1" number="524"/>
                        <line branch="false" hits="1" number="527"/>
                        <line branch="false" hits="1" number="528"/>
                        <line branch="false" hits="1" number="529"/>
                        <line branch="false" hits="1" number="530"/>
                        <line branch="false" hits="1" number="532"/>
                        <line branch="false" hits="1" number="535"/>
                        <line branch="false" hits="1" number="538"/>
                        <line branch="false" hits="1" number="539"/>
                        <line branch="false" hits="1" number="542"/>
                        <line branch="false" hits="1" number="544"/>
                        <line branch="false" hits="1" number="545"/>
                        <line branch="false" hits="1" number="548"/>
                        <line branch="false" hits="1" number="549"/>
                        <line branch="false" hits="1" number="552"/>
                        <line branch="false" hits="1" number="553"/>
                        <line branch="false" hits="1" number="556"/>
                        <line branch="false" hits="1" number="557"/>
                        <line branch="false" hits="1" number="558"/>
                    </lines>
                </class>
                <class branch-rate="0" complexity="0" filename="miaou-crypto/src/hash.rs" line-rate="1" name="miaou-crypto.src.hash.rs">
                    <methods>
                        <method name="&lt;miaou_crypto::hash::Blake3Output&gt;::hash_keyed" signature="" complexity="0" line-rate="0" branch-rate="0">
                            <lines>
                                <line hits="0" number="78" branch="false"/>
                            </lines>
                        </method>
                        <method name="&lt;miaou_crypto::hash::Blake3Output&gt;::hash_multiple" signature="" complexity="0" line-rate="0" branch-rate="0">
                            <lines>
                                <line hits="0" number="86" branch="false"/>
                            </lines>
                        </method>
                        <method name="&lt;miaou_crypto::hash::Blake3Output&gt;::hash_with_context" signature="" complexity="0" line-rate="0" branch-rate="0">
                            <lines>
                                <line hits="0" number="70" branch="false"/>
                            </lines>
                        </method>
                        <method name="&lt;miaou_crypto::hash::Blake3Output&gt;::new" signature="" complexity="0" line-rate="0" branch-rate="0">
                            <lines>
                                <line hits="0" number="58" branch="false"/>
                            </lines>
                        </method>
                        <method name="&lt;miaou_crypto::hash::Blake3Output&gt;::hash" signature="" complexity="0" line-rate="0" branch-rate="0">
                            <lines>
                                <line hits="0" number="64" branch="false"/>
                            </lines>
                        </method>
                        <method name="&lt;miaou_crypto::hash::Blake3Output&gt;::to_hex" signature="" complexity="0" line-rate="0" branch-rate="0">
                            <lines>
                                <line hits="0" number="102" branch="false"/>
                            </lines>
                        </method>
                        <method name="&lt;miaou_crypto::hash::Blake3Output&gt;::as_bytes" signature="" complexity="0" line-rate="0" branch-rate="0">
                            <lines>
                                <line hits="0" number="96" branch="false"/>
                            </lines>
                        </method>
                        <method name="&lt;miaou_crypto::hash::Blake3Output&gt;::from_hex" signature="" complexity="0" line-rate="0" branch-rate="0">
                            <lines>
                                <line hits="0" number="110" branch="false"/>
                            </lines>
                        </method>
                        <method name="&lt;miaou_crypto::hash::Blake3Output&gt;::hash_keyed" signature="" complexity="0" line-rate="1" branch-rate="1">
                            <lines>
                                <line hits="2" number="78" branch="false"/>
                            </lines>
                        </method>
                        <method name="&lt;miaou_crypto::hash::Blake3Output&gt;::hash_multiple" signature="" complexity="0" line-rate="1" branch-rate="1">
                            <lines>
                                <line hits="2" number="86" branch="false"/>
                            </lines>
                        </method>
                        <method name="&lt;miaou_crypto::hash::Blake3Output&gt;::hash_with_context" signature="" complexity="0" line-rate="1" branch-rate="1">
                            <lines>
                                <line hits="2" number="70" branch="false"/>
                            </lines>
                        </method>
                        <method name="&lt;miaou_crypto::hash::Blake3Output&gt;::new" signature="" complexity="0" line-rate="1" branch-rate="1">
                            <lines>
                                <line hits="13" number="58" branch="false"/>
                            </lines>
                        </method>
                        <method name="&lt;miaou_crypto::hash::Blake3Output&gt;::hash" signature="" complexity="0" line-rate="1" branch-rate="1">
                            <lines>
                                <line hits="6" number="64" branch="false"/>
                            </lines>
                        </method>
                        <method name="&lt;miaou_crypto::hash::Blake3Output&gt;::to_hex" signature="" complexity="0" line-rate="1" branch-rate="1">
                            <lines>
                                <line hits="5" number="102" branch="false"/>
                            </lines>
                        </method>
                        <method name="&lt;miaou_crypto::hash::Blake3Output&gt;::as_bytes" signature="" complexity="0" line-rate="1" branch-rate="1">
                            <lines>
                                <line hits="15" number="96" branch="false"/>
                            </lines>
                        </method>
                        <method name="&lt;miaou_crypto::hash::Blake3Output&gt;::from_hex" signature="" complexity="0" line-rate="1" branch-rate="1">
                            <lines>
                                <line hits="5" number="110" branch="false"/>
                            </lines>
                        </method>
                        <method name="miaou_crypto::hash::blake3_keyed" signature="" complexity="0" line-rate="0" branch-rate="0">
                            <lines>
                                <line hits="0" number="25" branch="false"/>
                            </lines>
                        </method>
                        <method name="miaou_crypto::hash::secure_compare" signature="" complexity="0" line-rate="0" branch-rate="0">
                            <lines>
                                <line hits="0" number="180" branch="false"/>
                            </lines>
                        </method>
                        <method name="miaou_crypto::hash::blake3_multiple" signature="" complexity="0" line-rate="0" branch-rate="0">
                            <lines>
                                <line hits="0" number="33" branch="false"/>
                            </lines>
                        </method>
                        <method name="miaou_crypto::hash::blake3_with_context" signature="" complexity="0" line-rate="0" branch-rate="0">
                            <lines>
                                <line hits="0" number="17" branch="false"/>
                            </lines>
                        </method>
                        <method name="miaou_crypto::hash::sha3_256" signature="" complexity="0" line-rate="0" branch-rate="0">
                            <lines>
                                <line hits="0" number="43" branch="false"/>
                            </lines>
                        </method>
                        <method name="miaou_crypto::hash::blake3_32" signature="" complexity="0" line-rate="1" branch-rate="1">
                            <lines>
                                <line hits="250" number="11" branch="false"/>
                            </lines>
                        </method>
                        <method name="miaou_crypto::hash::blake3_keyed" signature="" complexity="0" line-rate="1" branch-rate="1">
                            <lines>
                                <line hits="7" number="25" branch="false"/>
                            </lines>
                        </method>
                        <method name="miaou_crypto::hash::secure_compare" signature="" complexity="0" line-rate="1" branch-rate="1">
                            <lines>
                                <line hits="8" number="180" branch="false"/>
                            </lines>
                        </method>
                        <method name="miaou_crypto::hash::blake3_multiple" signature="" complexity="0" line-rate="1" branch-rate="1">
                            <lines>
                                <line hits="7" number="33" branch="false"/>
                            </lines>
                        </method>
                        <method name="miaou_crypto::hash::blake3_with_context" signature="" complexity="0" line-rate="1" branch-rate="1">
                            <lines>
                                <line hits="7" number="17" branch="false"/>
                            </lines>
                        </method>
                        <method name="miaou_crypto::hash::sha3_256" signature="" complexity="0" line-rate="1" branch-rate="1">
                            <lines>
                                <line hits="4" number="43" branch="false"/>
                            </lines>
                        </method>
                        <method name="miaou_crypto::hash::blake3_32" signature="" complexity="0" line-rate="1" branch-rate="1">
                            <lines>
                                <line hits="1008" number="11" branch="false"/>
                            </lines>
                        </method>
                        <method name="miaou_crypto::hash::tests::test_sha3_256" signature="" complexity="0" line-rate="1" branch-rate="1">
                            <lines>
                                <line hits="1" number="267" branch="false"/>
                            </lines>
                        </method>
                        <method name="miaou_crypto::hash::tests::test_blake3_basic" signature="" complexity="0" line-rate="1" branch-rate="1">
                            <lines>
                                <line hits="1" number="193" branch="false"/>
                            </lines>
                        </method>
                        <method name="miaou_crypto::hash::tests::test_blake3_keyed" signature="" complexity="0" line-rate="1" branch-rate="1">
                            <lines>
                                <line hits="1" number="222" branch="false"/>
                            </lines>
                        </method>
                        <method name="miaou_crypto::hash::tests::test_blake3_context" signature="" complexity="0" line-rate="1" branch-rate="1">
                            <lines>
                                <line hits="1" number="208" branch="false"/>
                            </lines>
                        </method>
                        <method name="miaou_crypto::hash::tests::test_hashing_engine" signature="" complexity="0" line-rate="1" branch-rate="1">
                            <lines>
                                <line hits="1" number="294" branch="false"/>
                            </lines>
                        </method>
                        <method name="miaou_crypto::hash::tests::test_secure_compare" signature="" complexity="0" line-rate="1" branch-rate="1">
                            <lines>
                                <line hits="1" number="305" branch="false"/>
                            </lines>
                        </method>
                        <method name="miaou_crypto::hash::tests::test_blake3_multiple" signature="" complexity="0" line-rate="1" branch-rate="1">
                            <lines>
                                <line hits="1" number="239" branch="false"/>
                            </lines>
                        </method>
                        <method name="miaou_crypto::hash::tests::test_blake3_output_hex" signature="" complexity="0" line-rate="1" branch-rate="1">
                            <lines>
                                <line hits="1" number="281" branch="false"/>
                            </lines>
                        </method>
                        <method name="miaou_crypto::hash::tests::test_blake3_output_new" signature="" complexity="0" line-rate="1" branch-rate="1">
                            <lines>
                                <line hits="1" number="401" branch="false"/>
                            </lines>
                        </method>
                        <method name="miaou_crypto::hash::tests::test_performance_basic" signature="" complexity="0" line-rate="1" branch-rate="1">
                            <lines>
                                <line hits="1" number="317" branch="false"/>
                            </lines>
                        </method>
                        <method name="miaou_crypto::hash::tests::test_sha3_256_function" signature="" complexity="0" line-rate="1" branch-rate="1">
                            <lines>
                                <line hits="1" number="386" branch="false"/>
                            </lines>
                        </method>
                        <method name="miaou_crypto::hash::tests::test_blake3_with_context" signature="" complexity="0" line-rate="1" branch-rate="1">
                            <lines>
                                <line hits="1" number="335" branch="false"/>
                            </lines>
                        </method>
                        <method name="miaou_crypto::hash::tests::test_blake3_keyed_function" signature="" complexity="0" line-rate="1" branch-rate="1">
                            <lines>
                                <line hits="1" number="352" branch="false"/>
                            </lines>
                        </method>
                        <method name="miaou_crypto::hash::tests::test_blake3_multiple_function" signature="" complexity="0" line-rate="1" branch-rate="1">
                            <lines>
                                <line hits="1" number="370" branch="false"/>
                            </lines>
                        </method>
                        <method name="miaou_crypto::hash::tests::test_blake3_engine_all_methods" signature="" complexity="0" line-rate="1" branch-rate="1">
                            <lines>
                                <line hits="1" number="482" branch="false"/>
                            </lines>
                        </method>
                        <method name="miaou_crypto::hash::tests::test_blake3_output_hash_method" signature="" complexity="0" line-rate="1" branch-rate="1">
                            <lines>
                                <line hits="1" number="410" branch="false"/>
                            </lines>
                        </method>
                        <method name="miaou_crypto::hash::tests::test_secure_compare_edge_cases" signature="" complexity="0" line-rate="1" branch-rate="1">
                            <lines>
                                <line hits="1" number="505" branch="false"/>
                            </lines>
                        </method>
                        <method name="miaou_crypto::hash::tests::test_blake3_output_debug_display" signature="" complexity="0" line-rate="1" branch-rate="1">
                            <lines>
                                <line hits="1" number="467" branch="false"/>
                            </lines>
                        </method>
                        <method name="miaou_crypto::hash::tests::test_blake3_output_from_hex_errors" signature="" complexity="0" line-rate="1" branch-rate="1">
                            <lines>
                                <line hits="1" number="451" branch="false"/>
                            </lines>
                        </method>
                        <method name="miaou_crypto::hash::tests::test_blake3_output_hash_keyed_method" signature="" complexity="0" line-rate="1" branch-rate="1">
                            <lines>
                                <line hits="1" number="430" branch="false"/>
                            </lines>
                        </method>
                        <method name="miaou_crypto::hash::tests::test_blake3_output_hash_multiple_method" signature="" complexity="0" line-rate="1" branch-rate="1">
                            <lines>
                                <line hits="1" number="441" branch="false"/>
                            </lines>
                        </method>
                        <method name="miaou_crypto::hash::tests::test_blake3_output_hash_with_context_method" signature="" complexity="0" line-rate="1" branch-rate="1">
                            <lines>
                                <line hits="1" number="419" branch="false"/>
                            </lines>
                        </method>
                        <method name="&lt;miaou_crypto::hash::Blake3Output as core::fmt::Display&gt;::fmt" signature="" complexity="0" line-rate="0" branch-rate="0">
                            <lines>
                                <line hits="0" number="132" branch="false"/>
                            </lines>
                        </method>
                        <method name="&lt;miaou_crypto::hash::Blake3Output as core::fmt::Display&gt;::fmt" signature="" complexity="0" line-rate="1" branch-rate="1">
                            <lines>
                                <line hits="1" number="132" branch="false"/>
                            </lines>
                        </method>
                        <method name="&lt;miaou_crypto::hash::Blake3Engine as miaou_crypto::hash::HashingEngine&gt;::hash_keyed" signature="" complexity="0" line-rate="0" branch-rate="0">
                            <lines>
                                <line hits="0" number="169" branch="false"/>
                            </lines>
                        </method>
                        <method name="&lt;miaou_crypto::hash::Blake3Engine as miaou_crypto::hash::HashingEngine&gt;::hash_multiple" signature="" complexity="0" line-rate="0" branch-rate="0">
                            <lines>
                                <line hits="0" number="173" branch="false"/>
                            </lines>
                        </method>
                        <method name="&lt;miaou_crypto::hash::Blake3Engine as miaou_crypto::hash::HashingEngine&gt;::hash_with_context" signature="" complexity="0" line-rate="0" branch-rate="0">
                            <lines>
                                <line hits="0" number="165" branch="false"/>
                            </lines>
                        </method>
                        <method name="&lt;miaou_crypto::hash::Blake3Engine as miaou_crypto::hash::HashingEngine&gt;::hash" signature="" complexity="0" line-rate="0" branch-rate="0">
                            <lines>
                                <line hits="0" number="161" branch="false"/>
                            </lines>
                        </method>
                        <method name="&lt;miaou_crypto::hash::Blake3Engine as miaou_crypto::hash::HashingEngine&gt;::hash_keyed" signature="" complexity="0" line-rate="1" branch-rate="1">
                            <lines>
                                <line hits="1" number="169" branch="false"/>
                            </lines>
                        </method>
                        <method name="&lt;miaou_crypto::hash::Blake3Engine as miaou_crypto::hash::HashingEngine&gt;::hash_multiple" signature="" complexity="0" line-rate="1" branch-rate="1">
                            <lines>
                                <line hits="1" number="173" branch="false"/>
                            </lines>
                        </method>
                        <method name="&lt;miaou_crypto::hash::Blake3Engine as miaou_crypto::hash::HashingEngine&gt;::hash_with_context" signature="" complexity="0" line-rate="1" branch-rate="1">
                            <lines>
                                <line hits="1" number="165" branch="false"/>
                            </lines>
                        </method>
                        <method name="&lt;miaou_crypto::hash::Blake3Engine as miaou_crypto::hash::HashingEngine&gt;::hash" signature="" complexity="0" line-rate="1" branch-rate="1">
                            <lines>
                                <line hits="3" number="161" branch="false"/>
                            </lines>
                        </method>
                        <method name="&lt;miaou_crypto::hash::Blake3Output as core::fmt::Debug&gt;::fmt" signature="" complexity="0" line-rate="0" branch-rate="0">
                            <lines>
                                <line hits="0" number="126" branch="false"/>
                            </lines>
                        </method>
                        <method name="&lt;miaou_crypto::hash::Blake3Output as core::fmt::Debug&gt;::fmt" signature="" complexity="0" line-rate="1" branch-rate="1">
                            <lines>
                                <line hits="1" number="126" branch="false"/>
                            </lines>
                        </method>
                    </methods>
                    <lines>
                        <line branch="false" hits="1258" number="11"/>
                        <line branch="false" hits="1258" number="12"/>
                        <line branch="false" hits="1258" number="13"/>
                        <line branch="false" hits="7" number="17"/>
                        <line branch="false" hits="7" number="18"/>
                        <line branch="false" hits="7" number="19"/>
                        <line branch="false" hits="7" number="20"/>
                        <line branch="false" hits="7" number="21"/>
                        <line branch="false" hits="7" number="25"/>
                        <line branch="false" hits="7" number="26"/>
                        <line branch="false" hits="7" number="27"/>
                        <line branch="false" hits="7" number="28"/>
                        <line branch="false" hits="7" number="29"/>
                        <line branch="false" hits="7" number="33"/>
                        <line branch="false" hits="7" number="34"/>
                        <line branch="false" hits="24" number="35"/>
                        <line branch="false" hits="17" number="36"/>
                        <line branch="false" hits="17" number="37"/>
                        <line branch="false" hits="7" number="38"/>
                        <line branch="false" hits="7" number="39"/>
                        <line branch="false" hits="4" number="43"/>
                        <line branch="false" hits="4" number="44"/>
                        <line branch="false" hits="4" number="45"/>
                        <line branch="false" hits="4" number="46"/>
                        <line branch="false" hits="4" number="47"/>
                        <line branch="false" hits="13" number="58"/>
                        <line branch="false" hits="13" number="59"/>
                        <line branch="false" hits="13" number="60"/>
                        <line branch="false" hits="6" number="64"/>
                        <line branch="false" hits="6" number="65"/>
                        <line branch="false" hits="6" number="66"/>
                        <line branch="false" hits="2" number="70"/>
                        <line branch="false" hits="2" number="71"/>
                        <line branch="false" hits="2" number="72"/>
                        <line branch="false" hits="2" number="73"/>
                        <line branch="false" hits="2" number="74"/>
                        <line branch="false" hits="2" number="78"/>
                        <line branch="false" hits="2" number="79"/>
                        <line branch="false" hits="2" number="80"/>
                        <line branch="false" hits="2" number="81"/>
                        <line branch="false" hits="2" number="82"/>
                        <line branch="false" hits="2" number="86"/>
                        <line branch="false" hits="2" number="87"/>
                        <line branch="false" hits="6" number="88"/>
                        <line branch="false" hits="4" number="89"/>
                        <line branch="false" hits="4" number="90"/>
                        <line branch="false" hits="2" number="91"/>
                        <line branch="false" hits="2" number="92"/>
                        <line branch="false" hits="15" number="96"/>
                        <line branch="false" hits="15" number="97"/>
                        <line branch="false" hits="15" number="98"/>
                        <line branch="false" hits="5" number="102"/>
                        <line branch="false" hits="5" number="103"/>
                        <line branch="false" hits="5" number="104"/>
                        <line branch="false" hits="5" number="110"/>
                        <line branch="false" hits="5" number="111"/>
                        <line branch="false" hits="4" number="112"/>
                        <line branch="false" hits="3" number="113"/>
                        <line branch="false" hits="1" number="114"/>
                        <line branch="false" hits="1" number="116"/>
                        <line branch="false" hits="1" number="117"/>
                        <line branch="false" hits="1" number="119"/>
                        <line branch="false" hits="1" number="120"/>
                        <line branch="false" hits="1" number="121"/>
                        <line branch="false" hits="5" number="122"/>
                        <line branch="false" hits="1" number="126"/>
                        <line branch="false" hits="1" number="127"/>
                        <line branch="false" hits="1" number="128"/>
                        <line branch="false" hits="1" number="132"/>
                        <line branch="false" hits="1" number="133"/>
                        <line branch="false" hits="1" number="134"/>
                        <line branch="false" hits="3" number="161"/>
                        <line branch="false" hits="3" number="162"/>
                        <line branch="false" hits="3" number="163"/>
                        <line branch="false" hits="1" number="165"/>
                        <line branch="false" hits="1" number="166"/>
                        <line branch="false" hits="1" number="167"/>
                        <line branch="false" hits="1" number="169"/>
                        <line branch="false" hits="1" number="170"/>
                        <line branch="false" hits="1" number="171"/>
                        <line branch="false" hits="1" number="173"/>
                        <line branch="false" hits="1" number="174"/>
                        <line branch="false" hits="1" number="175"/>
                        <line branch="false" hits="8" number="180"/>
                        <line branch="false" hits="8" number="182"/>
                        <line branch="false" hits="1" number="183"/>
                        <line branch="false" hits="7" number="184"/>
                        <line branch="false" hits="7" number="185"/>
                        <line branch="false" hits="8" number="186"/>
                        <line branch="false" hits="1" number="193"/>
                        <line branch="false" hits="1" number="194"/>
                        <line branch="false" hits="1" number="195"/>
                        <line branch="false" hits="1" number="196"/>
                        <line branch="false" hits="1" number="199"/>
                        <line branch="false" hits="1" number="200"/>
                        <line branch="false" hits="1" number="203"/>
                        <line branch="false" hits="1" number="204"/>
                        <line branch="false" hits="1" number="205"/>
                        <line branch="false" hits="1" number="208"/>
                        <line branch="false" hits="1" number="209"/>
                        <line branch="false" hits="1" number="210"/>
                        <line branch="false" hits="1" number="211"/>
                        <line branch="false" hits="1" number="214"/>
                        <line branch="false" hits="1" number="217"/>
                        <line branch="false" hits="1" number="218"/>
                        <line branch="false" hits="1" number="219"/>
                        <line branch="false" hits="1" number="222"/>
                        <line branch="false" hits="1" number="223"/>
                        <line branch="false" hits="1" number="224"/>
                        <line branch="false" hits="1" number="226"/>
                        <line branch="false" hits="1" number="227"/>
                        <line branch="false" hits="1" number="230"/>
                        <line branch="false" hits="1" number="233"/>
                        <line branch="false" hits="1" number="234"/>
                        <line branch="false" hits="1" number="235"/>
                        <line branch="false" hits="1" number="236"/>
                        <line branch="false" hits="1" number="239"/>
                        <line branch="false" hits="1" number="240"/>
                        <line branch="false" hits="1" number="241"/>
                        <line branch="false" hits="1" number="242"/>
                        <line branch="false" hits="1" number="243"/>
                        <line branch="false" hits="1" number="244"/>
                        <line branch="false" hits="1" number="245"/>
                        <line branch="false" hits="1" number="248"/>
                        <line branch="false" hits="1" number="249"/>
                        <line branch="false" hits="1" number="252"/>
                        <line branch="false" hits="1" number="253"/>
                        <line branch="false" hits="1" number="254"/>
                        <line branch="false" hits="1" number="255"/>
                        <line branch="false" hits="1" number="256"/>
                        <line branch="false" hits="1" number="257"/>
[...]
                        <line branch="false" hits="1" number="872"/>
                        <line branch="false" hits="1" number="873"/>
                        <line branch="false" hits="1" number="874"/>
                        <line branch="false" hits="1" number="876"/>
                        <line branch="false" hits="1" number="877"/>
                        <line branch="false" hits="1" number="878"/>
                        <line branch="false" hits="1" number="879"/>
                        <line branch="false" hits="1" number="880"/>
                        <line branch="false" hits="1" number="882"/>
                        <line branch="false" hits="1" number="883"/>
                        <line branch="false" hits="1" number="884"/>
                        <line branch="false" hits="1" number="885"/>
                        <line branch="false" hits="1" number="886"/>
                        <line branch="false" hits="1" number="890"/>
                        <line branch="false" hits="1" number="891"/>
                        <line branch="false" hits="1" number="892"/>
                        <line branch="false" hits="1" number="894"/>
                        <line branch="false" hits="1" number="895"/>
                        <line branch="false" hits="1" number="896"/>
                        <line branch="false" hits="1" number="897"/>
                        <line branch="false" hits="1" number="900"/>
                        <line branch="false" hits="1" number="904"/>
                        <line branch="false" hits="1" number="905"/>
                        <line branch="false" hits="1" number="906"/>
                        <line branch="false" hits="1" number="909"/>
                        <line branch="false" hits="1" number="912"/>
                        <line branch="false" hits="1" number="913"/>
                        <line branch="false" hits="1" number="914"/>
                        <line branch="false" hits="1" number="915"/>
                        <line branch="false" hits="1" number="916"/>
                        <line branch="false" hits="1" number="917"/>
                        <line branch="false" hits="1" number="918"/>
                        <line branch="false" hits="1" number="920"/>
                        <line branch="false" hits="1" number="921"/>
                        <line branch="false" hits="1" number="922"/>
                        <line branch="false" hits="1" number="923"/>
                        <line branch="false" hits="1" number="925"/>
                        <line branch="false" hits="1" number="926"/>
                        <line branch="false" hits="1" number="927"/>
                        <line branch="false" hits="1" number="928"/>
                        <line branch="false" hits="1" number="929"/>
                        <line branch="false" hits="1" number="931"/>
                        <line branch="false" hits="1" number="932"/>
                        <line branch="false" hits="1" number="933"/>
                        <line branch="false" hits="1" number="934"/>
                        <line branch="false" hits="1" number="935"/>
                        <line branch="false" hits="1" number="939"/>
                        <line branch="false" hits="1" number="940"/>
                        <line branch="false" hits="1" number="941"/>
                        <line branch="false" hits="1" number="942"/>
                        <line branch="false" hits="1" number="943"/>
                        <line branch="false" hits="1" number="945"/>
                        <line branch="false" hits="1" number="948"/>
                        <line branch="false" hits="1" number="949"/>
                        <line branch="false" hits="1" number="950"/>
                        <line branch="false" hits="1" number="953"/>
                        <line branch="false" hits="1" number="954"/>
                        <line branch="false" hits="1" number="955"/>
                        <line branch="false" hits="1" number="956"/>
                        <line branch="false" hits="1" number="959"/>
                        <line branch="false" hits="1" number="962"/>
                        <line branch="false" hits="1" number="963"/>
                        <line branch="false" hits="1" number="964"/>
                        <line branch="false" hits="1" number="967"/>
                        <line branch="false" hits="1" number="968"/>
                        <line branch="false" hits="1" number="971"/>
                        <line branch="false" hits="1" number="972"/>
                        <line branch="false" hits="1" number="973"/>
                        <line branch="false" hits="1" number="974"/>
                        <line branch="false" hits="1" number="977"/>
                        <line branch="false" hits="1" number="978"/>
                        <line branch="false" hits="1" number="979"/>
                        <line branch="false" hits="1" number="980"/>
                        <line branch="false" hits="1" number="983"/>
                        <line branch="false" hits="1" number="986"/>
                        <line branch="false" hits="1" number="989"/>
                        <line branch="false" hits="1" number="990"/>
                        <line branch="false" hits="1" number="993"/>
                        <line branch="false" hits="1" number="996"/>
                        <line branch="false" hits="1" number="997"/>
                        <line branch="false" hits="1" number="1000"/>
                        <line branch="false" hits="1" number="1001"/>
                        <line branch="false" hits="1" number="1002"/>
                        <line branch="false" hits="1" number="1005"/>
                        <line branch="false" hits="1" number="1009"/>
                        <line branch="false" hits="1" number="1010"/>
                        <line branch="false" hits="1" number="1011"/>
                        <line branch="false" hits="1" number="1012"/>
                        <line branch="false" hits="1" number="1013"/>
                        <line branch="false" hits="1" number="1016"/>
                        <line branch="false" hits="1" number="1017"/>
                        <line branch="false" hits="1" number="1020"/>
                        <line branch="false" hits="1" number="1021"/>
                        <line branch="false" hits="1" number="1022"/>
                        <line branch="false" hits="1" number="1023"/>
                        <line branch="false" hits="1" number="1024"/>
                        <line branch="false" hits="1" number="1027"/>
                        <line branch="false" hits="1" number="1028"/>
                        <line branch="false" hits="1" number="1029"/>
                        <line branch="false" hits="1" number="1032"/>
                        <line branch="false" hits="1" number="1034"/>
                        <line branch="false" hits="1" number="1035"/>
                        <line branch="false" hits="1" number="1036"/>
                        <line branch="false" hits="1" number="1039"/>
                        <line branch="false" hits="1" number="1040"/>
                        <line branch="false" hits="1" number="1043"/>
                        <line branch="false" hits="1" number="1044"/>
                        <line branch="false" hits="1" number="1045"/>
                        <line branch="false" hits="1" number="1046"/>
                        <line branch="false" hits="23" number="1047"/>
                        <line branch="false" hits="1" number="1048"/>
                        <line branch="false" hits="1" number="1049"/>
                        <line branch="false" hits="1" number="1050"/>
                        <line branch="false" hits="1" number="1053"/>
                        <line branch="false" hits="1" number="1056"/>
                        <line branch="false" hits="1" number="1057"/>
                        <line branch="false" hits="1" number="1058"/>
                        <line branch="false" hits="1" number="1059"/>
                        <line branch="false" hits="1" number="1060"/>
                        <line branch="false" hits="1" number="1061"/>
                        <line branch="false" hits="1" number="1062"/>
                        <line branch="false" hits="1" number="1063"/>
                        <line branch="false" hits="1" number="1064"/>
                        <line branch="false" hits="1" number="1065"/>
                        <line branch="false" hits="1" number="1066"/>
                        <line branch="false" hits="1" number="1067"/>
                        <line branch="false" hits="1" number="1068"/>
                        <line branch="false" hits="1" number="1069"/>
                        <line branch="false" hits="1" number="1072"/>
                        <line branch="false" hits="1" number="1075"/>
                        <line branch="false" hits="1" number="1076"/>
                        <line branch="false" hits="1" number="1079"/>
                        <line branch="false" hits="1" number="1080"/>
                        <line branch="false" hits="1" number="1083"/>
                        <line branch="false" hits="1" number="1084"/>
                        <line branch="false" hits="1" number="1087"/>
                        <line branch="false" hits="1" number="1088"/>
                    </lines>
                </class>
                <class branch-rate="0" complexity="0" filename="miaou-core/src/lib.rs" line-rate="1" name="miaou-core.src.lib.rs">
                    <methods>
                        <method name="miaou_core::initialize" signature="" complexity="0" line-rate="1" branch-rate="1">
                            <lines>
                                <line hits="1" number="59" branch="false"/>
                            </lines>
                        </method>
                        <method name="miaou_core::version_info" signature="" complexity="0" line-rate="1" branch-rate="1">
                            <lines>
                                <line hits="1" number="51" branch="false"/>
                            </lines>
                        </method>
                        <method name="miaou_core::initialize" signature="" complexity="0" line-rate="1" branch-rate="1">
                            <lines>
                                <line hits="3" number="59" branch="false"/>
                            </lines>
                        </method>
                        <method name="miaou_core::version_info" signature="" complexity="0" line-rate="1" branch-rate="1">
                            <lines>
                                <line hits="3" number="51" branch="false"/>
                            </lines>
                        </method>
                        <method name="miaou_core::tests::test_constants" signature="" complexity="0" line-rate="1" branch-rate="1">
                            <lines>
                                <line hits="1" number="83" branch="false"/>
                            </lines>
                        </method>
                        <method name="miaou_core::tests::test_initialize" signature="" complexity="0" line-rate="1" branch-rate="1">
                            <lines>
                                <line hits="1" number="78" branch="false"/>
                            </lines>
                        </method>
                        <method name="miaou_core::tests::test_version_info" signature="" complexity="0" line-rate="1" branch-rate="1">
                            <lines>
                                <line hits="1" number="70" branch="false"/>
                            </lines>
                        </method>
                        <method name="&lt;miaou_core::mobile::MobilePlatform as miaou_core::PlatformInterface&gt;::get_supported_version" signature="" complexity="0" line-rate="1" branch-rate="1">
                            <lines>
                                <line hits="1" number="44" branch="false"/>
                            </lines>
                        </method>
                    </methods>
                    <lines>
                        <line branch="false" hits="1" number="44"/>
                        <line branch="false" hits="1" number="45"/>
                        <line branch="false" hits="1" number="46"/>
                        <line branch="false" hits="4" number="51"/>
                        <line branch="false" hits="4" number="52"/>
                        <line branch="false" hits="4" number="53"/>
                        <line branch="false" hits="4" number="59"/>
                        <line branch="false" hits="4" number="61"/>
                        <line branch="false" hits="4" number="62"/>
                        <line branch="false" hits="4" number="63"/>
                        <line branch="false" hits="1" number="70"/>
                        <line branch="false" hits="1" number="71"/>
                        <line branch="false" hits="1" number="72"/>
                        <line branch="false" hits="1" number="73"/>
                        <line branch="false" hits="1" number="74"/>
                        <line branch="false" hits="1" number="75"/>
                        <line branch="false" hits="1" number="78"/>
                        <line branch="false" hits="1" number="79"/>
                        <line branch="false" hits="1" number="80"/>
                        <line branch="false" hits="1" number="83"/>
                        <line branch="false" hits="1" number="84"/>
                        <line branch="false" hits="1" number="85"/>
                        <line branch="false" hits="1" number="88"/>
                        <line branch="false" hits="1" number="90"/>
                    </lines>
                </class>
                <class branch-rate="0" complexity="0" filename="miaou-core/src/mobile.rs" line-rate="1" name="miaou-core.src.mobile.rs">
                    <methods>
                        <method name="&lt;miaou_core::mobile::MobilePlatform&gt;::new" signature="" complexity="0" line-rate="1" branch-rate="1">
                            <lines>
                                <line hits="6" number="15" branch="false"/>
                            </lines>
                        </method>
                        <method name="miaou_core::mobile::tests::test_different_platform_names" signature="" complexity="0" line-rate="1" branch-rate="1">
                            <lines>
                                <line hits="1" number="137" branch="false"/>
                            </lines>
                        </method>
                        <method name="miaou_core::mobile::tests::test_mobile_platform_creation" signature="" complexity="0" line-rate="1" branch-rate="1">
                            <lines>
                                <line hits="1" number="100" branch="false"/>
                            </lines>
                        </method>
                        <method name="miaou_core::mobile::tests::test_platform_interface_methods" signature="" complexity="0" line-rate="1" branch-rate="1">
                            <lines>
                                <line hits="1" number="122" branch="false"/>
                            </lines>
                        </method>
                        <method name="miaou_core::mobile::tests::test_mobile_platform_initialization" signature="" complexity="0" line-rate="1" branch-rate="1">
                            <lines>
                                <line hits="1" number="107" branch="false"/>
                            </lines>
                        </method>
                        <method name="&lt;miaou_core::mobile::MobilePlatform as miaou_core::PlatformInterface&gt;::initialize" signature="" complexity="0" line-rate="1" branch-rate="1">
                            <lines>
                                <line hits="3" number="24" branch="false"/>
                            </lines>
                        </method>
                        <method name="&lt;miaou_core::mobile::MobilePlatform as miaou_core::PlatformInterface&gt;::get_platform_name" signature="" complexity="0" line-rate="1" branch-rate="1">
                            <lines>
                                <line hits="6" number="32" branch="false"/>
                            </lines>
                        </method>
                    </methods>
                    <lines>
                        <line branch="false" hits="6" number="15"/>
                        <line branch="false" hits="6" number="16"/>
                        <line branch="false" hits="6" number="17"/>
                        <line branch="false" hits="6" number="18"/>
                        <line branch="false" hits="6" number="19"/>
                        <line branch="false" hits="6" number="20"/>
                        <line branch="false" hits="3" number="24"/>
                        <line branch="false" hits="3" number="25"/>
                        <line branch="false" hits="2" number="26"/>
                        <line branch="false" hits="2" number="27"/>
                        <line branch="false" hits="2" number="28"/>
                        <line branch="false" hits="3" number="29"/>
                        <line branch="false" hits="3" number="30"/>
                        <line branch="false" hits="6" number="32"/>
                        <line branch="false" hits="6" number="33"/>
                        <line branch="false" hits="6" number="34"/>
                        <line branch="false" hits="1" number="100"/>
                        <line branch="false" hits="1" number="101"/>
                        <line branch="false" hits="1" number="102"/>
                        <line branch="false" hits="1" number="103"/>
                        <line branch="false" hits="1" number="104"/>
                        <line branch="false" hits="1" number="107"/>
                        <line branch="false" hits="1" number="108"/>
                        <line branch="false" hits="1" number="109"/>
                        <line branch="false" hits="1" number="111"/>
                        <line branch="false" hits="1" number="112"/>
                        <line branch="false" hits="1" number="113"/>
                        <line branch="false" hits="1" number="116"/>
                        <line branch="false" hits="1" number="117"/>
                        <line branch="false" hits="1" number="118"/>
                        <line branch="false" hits="1" number="119"/>
                        <line branch="false" hits="1" number="122"/>
                        <line branch="false" hits="1" number="123"/>
                        <line branch="false" hits="1" number="126"/>
                        <line branch="false" hits="1" number="129"/>
                        <line branch="false" hits="1" number="132"/>
                        <line branch="false" hits="1" number="133"/>
                        <line branch="false" hits="1" number="134"/>
                        <line branch="false" hits="1" number="137"/>
                        <line branch="false" hits="1" number="138"/>
                        <line branch="false" hits="1" number="139"/>
                        <line branch="false" hits="1" number="140"/>
                        <line branch="false" hits="1" number="142"/>
                        <line branch="false" hits="1" number="143"/>
                        <line branch="false" hits="1" number="144"/>
                        <line branch="false" hits="1" number="145"/>
                    </lines>
                </class>
            </classes>
        </package>
    </packages>
</coverage>