<?xml version="1.0" ?>
<!DOCTYPE coverage SYSTEM "https://cobertura.sourceforge.net/xml/coverage-04.dtd">
<coverage branch-rate="0" branches-covered="0" branches-valid="0" complexity="0" line-rate="0.9551451187335093" lines-covered="724" lines-valid="758" timestamp="1755766785" version="2.0.3">
    <sources>
        <source>/home/seb/Dev/miaou</source>
    </sources>
    <packages>
        <package line-rate="1" branch-rate="0" name="crates.crypto.src" complexity="0">
            <classes>
                <class branch-rate="0" complexity="0" filename="crates/crypto/src/lib.rs" line-rate="1" name="crates.crypto.src.lib.rs">
                    <methods>
                        <method name="miaou_crypto::blake3_hash" signature="" complexity="0" line-rate="0" branch-rate="0">
                            <lines>
                                <line hits="0" number="131" branch="false"/>
                            </lines>
                        </method>
                        <method name="miaou_crypto::blake3_hash" signature="" complexity="0" line-rate="1" branch-rate="1">
                            <lines>
                                <line hits="4" number="131" branch="false"/>
                            </lines>
                        </method>
                        <method name="&lt;miaou_crypto::Chacha20Poly1305Cipher&gt;::from_key_bytes" signature="" complexity="0" line-rate="1" branch-rate="1">
                            <lines>
                                <line hits="8" number="32" branch="false"/>
                            </lines>
                        </method>
                        <method name="&lt;miaou_crypto::Chacha20Poly1305Cipher&gt;::from_key_bytes" signature="" complexity="0" line-rate="1" branch-rate="1">
                            <lines>
                                <line hits="3" number="32" branch="false"/>
                            </lines>
                        </method>
                        <method name="&lt;miaou_crypto::Ed25519Signer&gt;::secret_key_bytes" signature="" complexity="0" line-rate="1" branch-rate="1">
                            <lines>
                                <line hits="11" number="108" branch="false"/>
                            </lines>
                        </method>
                        <method name="&lt;miaou_crypto::Ed25519Signer&gt;::from_secret_key_bytes" signature="" complexity="0" line-rate="1" branch-rate="1">
                            <lines>
                                <line hits="7" number="97" branch="false"/>
                            </lines>
                        </method>
                        <method name="&lt;miaou_crypto::Ed25519Signer&gt;::generate" signature="" complexity="0" line-rate="1" branch-rate="1">
                            <lines>
                                <line hits="11" number="90" branch="false"/>
                            </lines>
                        </method>
                        <method name="&lt;miaou_crypto::Ed25519Signer&gt;::secret_key_bytes" signature="" complexity="0" line-rate="0" branch-rate="0">
                            <lines>
                                <line hits="0" number="108" branch="false"/>
                            </lines>
                        </method>
                        <method name="&lt;miaou_crypto::Ed25519Signer&gt;::from_secret_key_bytes" signature="" complexity="0" line-rate="1" branch-rate="1">
                            <lines>
                                <line hits="2" number="97" branch="false"/>
                            </lines>
                        </method>
                        <method name="&lt;miaou_crypto::Ed25519Signer&gt;::generate" signature="" complexity="0" line-rate="1" branch-rate="1">
                            <lines>
                                <line hits="2" number="90" branch="false"/>
                            </lines>
                        </method>
                        <method name="miaou_crypto::tests::aead_roundtrip" signature="" complexity="0" line-rate="1" branch-rate="1">
                            <lines>
                                <line hits="1" number="141" branch="false"/>
                            </lines>
                        </method>
                        <method name="miaou_crypto::tests::test_blake3_hash" signature="" complexity="0" line-rate="1" branch-rate="1">
                            <lines>
                                <line hits="1" number="162" branch="false"/>
                            </lines>
                        </method>
                        <method name="miaou_crypto::tests::ed25519_sign_verify" signature="" complexity="0" line-rate="1" branch-rate="1">
                            <lines>
                                <line hits="1" number="154" branch="false"/>
                            </lines>
                        </method>
                        <method name="miaou_crypto::tests::test_ed25519_invalid_key_length" signature="" complexity="0" line-rate="1" branch-rate="1">
                            <lines>
                                <line hits="1" number="192" branch="false"/>
                            </lines>
                        </method>
                        <method name="miaou_crypto::tests::test_chacha20_invalid_key_length" signature="" complexity="0" line-rate="1" branch-rate="1">
                            <lines>
                                <line hits="1" number="182" branch="false"/>
                            </lines>
                        </method>
                        <method name="miaou_crypto::tests::test_ed25519_verify_invalid_signature" signature="" complexity="0" line-rate="1" branch-rate="1">
                            <lines>
                                <line hits="1" number="202" branch="false"/>
                            </lines>
                        </method>
                        <method name="&lt;miaou_crypto::Ed25519Signer as miaou_crypto::Signer&gt;::public_key" signature="" complexity="0" line-rate="1" branch-rate="1">
                            <lines>
                                <line hits="15" number="114" branch="false"/>
                            </lines>
                        </method>
                        <method name="&lt;miaou_crypto::Ed25519Signer as miaou_crypto::Signer&gt;::sign" signature="" complexity="0" line-rate="1" branch-rate="1">
                            <lines>
                                <line hits="3" number="118" branch="false"/>
                            </lines>
                        </method>
                        <method name="&lt;miaou_crypto::Ed25519Signer as miaou_crypto::Signer&gt;::verify" signature="" complexity="0" line-rate="1" branch-rate="1">
                            <lines>
                                <line hits="1" number="122" branch="false"/>
                            </lines>
                        </method>
                        <method name="&lt;miaou_crypto::Ed25519Signer as miaou_crypto::Signer&gt;::public_key" signature="" complexity="0" line-rate="0" branch-rate="0">
                            <lines>
                                <line hits="0" number="114" branch="false"/>
                            </lines>
                        </method>
                        <method name="&lt;miaou_crypto::Ed25519Signer as miaou_crypto::Signer&gt;::sign" signature="" complexity="0" line-rate="1" branch-rate="1">
                            <lines>
                                <line hits="1" number="118" branch="false"/>
                            </lines>
                        </method>
                        <method name="&lt;miaou_crypto::Ed25519Signer as miaou_crypto::Signer&gt;::verify" signature="" complexity="0" line-rate="1" branch-rate="1">
                            <lines>
                                <line hits="3" number="122" branch="false"/>
                            </lines>
                        </method>
                        <method name="&lt;miaou_crypto::Chacha20Poly1305Cipher as miaou_crypto::AeadCipher&gt;::decrypt" signature="" complexity="0" line-rate="1" branch-rate="1">
                            <lines>
                                <line hits="2" number="57" branch="false"/>
                            </lines>
                        </method>
                        <method name="&lt;miaou_crypto::Chacha20Poly1305Cipher as miaou_crypto::AeadCipher&gt;::encrypt" signature="" complexity="0" line-rate="1" branch-rate="1">
                            <lines>
                                <line hits="5" number="43" branch="false"/>
                            </lines>
                        </method>
                        <method name="&lt;miaou_crypto::Chacha20Poly1305Cipher as miaou_crypto::AeadCipher&gt;::decrypt" signature="" complexity="0" line-rate="1" branch-rate="1">
                            <lines>
                                <line hits="1" number="57" branch="false"/>
                            </lines>
                        </method>
                        <method name="&lt;miaou_crypto::Chacha20Poly1305Cipher as miaou_crypto::AeadCipher&gt;::encrypt" signature="" complexity="0" line-rate="1" branch-rate="1">
                            <lines>
                                <line hits="1" number="43" branch="false"/>
                            </lines>
                        </method>
                    </methods>
                    <lines>
                        <line branch="false" hits="11" number="32"/>
                        <line branch="false" hits="11" number="33"/>
                        <line branch="false" hits="2" number="34"/>
                        <line branch="false" hits="9" number="35"/>
                        <line branch="false" hits="9" number="36"/>
                        <line branch="false" hits="9" number="37"/>
                        <line branch="false" hits="9" number="38"/>
                        <line branch="false" hits="11" number="39"/>
                        <line branch="false" hits="6" number="43"/>
                        <line branch="false" hits="6" number="44"/>
                        <line branch="false" hits="6" number="45"/>
                        <line branch="false" hits="6" number="46"/>
                        <line branch="false" hits="6" number="47"/>
                        <line branch="false" hits="6" number="48"/>
                        <line branch="false" hits="6" number="49"/>
                        <line branch="false" hits="6" number="50"/>
                        <line branch="false" hits="6" number="51"/>
                        <line branch="false" hits="6" number="52"/>
                        <line branch="false" hits="6" number="54"/>
                        <line branch="false" hits="6" number="55"/>
                        <line branch="false" hits="3" number="57"/>
                        <line branch="false" hits="3" number="58"/>
                        <line branch="false" hits="3" number="59"/>
                        <line branch="false" hits="3" number="60"/>
                        <line branch="false" hits="3" number="61"/>
                        <line branch="false" hits="3" number="62"/>
                        <line branch="false" hits="3" number="63"/>
                        <line branch="false" hits="3" number="64"/>
                        <line branch="false" hits="3" number="65"/>
                        <line branch="false" hits="3" number="66"/>
                        <line branch="false" hits="3" number="68"/>
                        <line branch="false" hits="3" number="69"/>
                        <line branch="false" hits="13" number="90"/>
                        <line branch="false" hits="13" number="91"/>
                        <line branch="false" hits="13" number="92"/>
                        <line branch="false" hits="13" number="93"/>
                        <line branch="false" hits="13" number="94"/>
                        <line branch="false" hits="9" number="97"/>
                        <line branch="false" hits="9" number="98"/>
                        <line branch="false" hits="2" number="99"/>
                        <line branch="false" hits="7" number="100"/>
                        <line branch="false" hits="7" number="101"/>
                        <line branch="false" hits="7" number="102"/>
                        <line branch="false" hits="7" number="103"/>
                        <line branch="false" hits="7" number="104"/>
                        <line branch="false" hits="9" number="105"/>
                        <line branch="false" hits="11" number="108"/>
                        <line branch="false" hits="11" number="109"/>
                        <line branch="false" hits="11" number="110"/>
                        <line branch="false" hits="15" number="114"/>
                        <line branch="false" hits="15" number="115"/>
                        <line branch="false" hits="15" number="116"/>
                        <line branch="false" hits="4" number="118"/>
                        <line branch="false" hits="4" number="119"/>
                        <line branch="false" hits="4" number="120"/>
                        <line branch="false" hits="4" number="122"/>
                        <line branch="false" hits="4" number="123"/>
                        <line branch="false" hits="1" number="124"/>
                        <line branch="false" hits="3" number="126"/>
                        <line branch="false" hits="4" number="127"/>
                        <line branch="false" hits="4" number="131"/>
                        <line branch="false" hits="4" number="132"/>
                        <line branch="false" hits="4" number="133"/>
                        <line branch="false" hits="1" number="141"/>
                        <line branch="false" hits="1" number="142"/>
                        <line branch="false" hits="1" number="143"/>
                        <line branch="false" hits="1" number="144"/>
                        <line branch="false" hits="1" number="145"/>
                        <line branch="false" hits="1" number="146"/>
                        <line branch="false" hits="1" number="147"/>
                        <line branch="false" hits="1" number="148"/>
                        <line branch="false" hits="1" number="149"/>
                        <line branch="false" hits="1" number="150"/>
                        <line branch="false" hits="1" number="151"/>
                        <line branch="false" hits="1" number="154"/>
                        <line branch="false" hits="1" number="155"/>
                        <line branch="false" hits="1" number="156"/>
                        <line branch="false" hits="1" number="157"/>
                        <line branch="false" hits="1" number="158"/>
                        <line branch="false" hits="1" number="159"/>
                        <line branch="false" hits="1" number="162"/>
                        <line branch="false" hits="1" number="163"/>
                        <line branch="false" hits="1" number="164"/>
                        <line branch="false" hits="1" number="165"/>
                        <line branch="false" hits="1" number="168"/>
                        <line branch="false" hits="1" number="169"/>
                        <line branch="false" hits="1" number="172"/>
                        <line branch="false" hits="1" number="173"/>
                        <line branch="false" hits="1" number="176"/>
                        <line branch="false" hits="1" number="177"/>
                        <line branch="false" hits="1" number="178"/>
                        <line branch="false" hits="1" number="179"/>
                        <line branch="false" hits="1" number="182"/>
                        <line branch="false" hits="1" number="184"/>
                        <line branch="false" hits="1" number="185"/>
                        <line branch="false" hits="1" number="187"/>
                        <line branch="false" hits="1" number="188"/>
                        <line branch="false" hits="1" number="189"/>
                        <line branch="false" hits="1" number="192"/>
                        <line branch="false" hits="1" number="194"/>
                        <line branch="false" hits="1" number="195"/>
                        <line branch="false" hits="1" number="197"/>
                        <line branch="false" hits="1" number="198"/>
                        <line branch="false" hits="1" number="199"/>
                        <line branch="false" hits="1" number="202"/>
                        <line branch="false" hits="1" number="203"/>
                        <line branch="false" hits="1" number="204"/>
                        <line branch="false" hits="1" number="207"/>
                        <line branch="false" hits="1" number="208"/>
                        <line branch="false" hits="1" number="211"/>
                        <line branch="false" hits="1" number="212"/>
                        <line branch="false" hits="1" number="213"/>
                    </lines>
                </class>
            </classes>
        </package>
        <package line-rate="0.929637526652452" branch-rate="0" name="crates.cli.src" complexity="0">
            <classes>
                <class branch-rate="0" complexity="0" filename="crates/cli/src/main.rs" line-rate="0.929637526652452" name="crates.cli.src.main.rs">
                    <methods>
                        <method name="miaou_cli::init_tracing::{closure#0}" signature="" complexity="0" line-rate="0" branch-rate="0">
                            <lines>
                                <line hits="0" number="140" branch="false"/>
                            </lines>
                        </method>
                        <method name="miaou_cli::run::{closure#0}" signature="" complexity="0" line-rate="0" branch-rate="0">
                            <lines>
                                <line hits="0" number="99" branch="false"/>
                            </lines>
                        </method>
                        <method name="miaou_cli::run::{closure#1}" signature="" complexity="0" line-rate="0" branch-rate="0">
                            <lines>
                                <line hits="0" number="101" branch="false"/>
                            </lines>
                        </method>
                        <method name="miaou_cli::tests::test_init_tracing::{closure#0}" signature="" complexity="0" line-rate="1" branch-rate="1">
                            <lines>
                                <line hits="5" number="409" branch="false"/>
                            </lines>
                        </method>
                        <method name="miaou_cli::init_tracing" signature="" complexity="0" line-rate="0" branch-rate="0">
                            <lines>
                                <line hits="0" number="139" branch="false"/>
                            </lines>
                        </method>
                        <method name="miaou_cli::hex" signature="" complexity="0" line-rate="1" branch-rate="1">
                            <lines>
                                <line hits="18" number="148" branch="false"/>
                            </lines>
                        </method>
                        <method name="miaou_cli::run" signature="" complexity="0" line-rate="1" branch-rate="1">
                            <lines>
                                <line hits="22" number="69" branch="false"/>
                            </lines>
                        </method>
                        <method name="miaou_cli::main" signature="" complexity="0" line-rate="0" branch-rate="0">
                            <lines>
                                <line hits="0" number="57" branch="false"/>
                            </lines>
                        </method>
                        <method name="miaou_cli::hex_val" signature="" complexity="0" line-rate="1" branch-rate="1">
                            <lines>
                                <line hits="1154" number="171" branch="false"/>
                            </lines>
                        </method>
                        <method name="miaou_cli::from_hex" signature="" complexity="0" line-rate="1" branch-rate="1">
                            <lines>
                                <line hits="36" number="158" branch="false"/>
                            </lines>
                        </method>
                        <method name="miaou_cli::tests::test_hex_val" signature="" complexity="0" line-rate="1" branch-rate="1">
                            <lines>
                                <line hits="1" number="214" branch="false"/>
                            </lines>
                        </method>
                        <method name="miaou_cli::tests::test_cli_parsing" signature="" complexity="0" line-rate="1" branch-rate="1">
                            <lines>
                                <line hits="1" number="233" branch="false"/>
                            </lines>
                        </method>
                        <method name="miaou_cli::tests::test_hex_decoding" signature="" complexity="0" line-rate="1" branch-rate="1">
                            <lines>
                                <line hits="1" number="194" branch="false"/>
                            </lines>
                        </method>
                        <method name="miaou_cli::tests::test_hex_encoding" signature="" complexity="0" line-rate="1" branch-rate="1">
                            <lines>
                                <line hits="1" number="185" branch="false"/>
                            </lines>
                        </method>
                        <method name="miaou_cli::tests::test_init_tracing" signature="" complexity="0" line-rate="1" branch-rate="1">
                            <lines>
                                <line hits="1" number="400" branch="false"/>
                            </lines>
                        </method>
                        <method name="miaou_cli::tests::test_roundtrip_hex" signature="" complexity="0" line-rate="1" branch-rate="1">
                            <lines>
                                <line hits="1" number="273" branch="false"/>
                            </lines>
                        </method>
                        <method name="miaou_cli::tests::test_hex_edge_cases" signature="" complexity="0" line-rate="1" branch-rate="1">
                            <lines>
                                <line hits="1" number="597" branch="false"/>
                            </lines>
                        </method>
                        <method name="miaou_cli::tests::test_command_variants" signature="" complexity="0" line-rate="1" branch-rate="1">
                            <lines>
                                <line hits="1" number="242" branch="false"/>
                            </lines>
                        </method>
                        <method name="miaou_cli::tests::test_run_key_generate" signature="" complexity="0" line-rate="1" branch-rate="1">
                            <lines>
                                <line hits="1" number="309" branch="false"/>
                            </lines>
                        </method>
                        <method name="miaou_cli::tests::test_run_sign_invalid" signature="" complexity="0" line-rate="1" branch-rate="1">
                            <lines>
                                <line hits="1" number="335" branch="false"/>
                            </lines>
                        </method>
                        <method name="miaou_cli::tests::test_run_sign_success" signature="" complexity="0" line-rate="1" branch-rate="1">
                            <lines>
                                <line hits="1" number="433" branch="false"/>
                            </lines>
                        </method>
                        <method name="miaou_cli::tests::test_hex_val_all_cases" signature="" complexity="0" line-rate="1" branch-rate="1">
                            <lines>
                                <line hits="1" number="614" branch="false"/>
                            </lines>
                        </method>
                        <method name="miaou_cli::tests::test_run_verify_invalid" signature="" complexity="0" line-rate="1" branch-rate="1">
                            <lines>
                                <line hits="1" number="350" branch="false"/>
                            </lines>
                        </method>
                        <method name="miaou_cli::tests::test_from_hex_edge_cases" signature="" complexity="0" line-rate="1" branch-rate="1">
                            <lines>
                                <line hits="1" number="578" branch="false"/>
                            </lines>
                        </method>
                        <method name="miaou_cli::tests::test_cli_debug_formatting" signature="" complexity="0" line-rate="1" branch-rate="1">
                            <lines>
                                <line hits="1" number="703" branch="false"/>
                            </lines>
                        </method>
                        <method name="miaou_cli::tests::test_hex_decoding_invalid" signature="" complexity="0" line-rate="1" branch-rate="1">
                            <lines>
                                <line hits="1" number="204" branch="false"/>
                            </lines>
                        </method>
                        <method name="miaou_cli::tests::test_comprehensive_workflow" signature="" complexity="0" line-rate="1" branch-rate="1">
                            <lines>
                                <line hits="1" number="536" branch="false"/>
                            </lines>
                        </method>
                        <method name="miaou_cli::tests::test_run_aead_decrypt_valid" signature="" complexity="0" line-rate="1" branch-rate="1">
                            <lines>
                                <line hits="1" number="479" branch="false"/>
                            </lines>
                        </method>
                        <method name="miaou_cli::tests::test_run_aead_encrypt_valid" signature="" complexity="0" line-rate="1" branch-rate="1">
                            <lines>
                                <line hits="1" number="463" branch="false"/>
                            </lines>
                        </method>
                        <method name="miaou_cli::tests::test_run_key_export_invalid" signature="" complexity="0" line-rate="1" branch-rate="1">
                            <lines>
                                <line hits="1" number="321" branch="false"/>
                            </lines>
                        </method>
                        <method name="miaou_cli::tests::test_run_key_export_success" signature="" complexity="0" line-rate="1" branch-rate="1">
                            <lines>
                                <line hits="1" number="415" branch="false"/>
                            </lines>
                        </method>
                        <method name="miaou_cli::tests::test_command_debug_formatting" signature="" complexity="0" line-rate="1" branch-rate="1">
                            <lines>
                                <line hits="1" number="671" branch="false"/>
                            </lines>
                        </method>
                        <method name="miaou_cli::tests::test_run_aead_invalid_aad_hex" signature="" complexity="0" line-rate="1" branch-rate="1">
                            <lines>
                                <line hits="1" number="640" branch="false"/>
                            </lines>
                        </method>
                        <method name="miaou_cli::tests::test_aead_functions_compilation" signature="" complexity="0" line-rate="1" branch-rate="1">
                            <lines>
                                <line hits="1" number="281" branch="false"/>
                            </lines>
                        </method>
                        <method name="miaou_cli::tests::test_run_aead_decrypt_invalid_key" signature="" complexity="0" line-rate="1" branch-rate="1">
                            <lines>
                                <line hits="1" number="383" branch="false"/>
                            </lines>
                        </method>
                        <method name="miaou_cli::tests::test_run_aead_encrypt_invalid_key" signature="" complexity="0" line-rate="1" branch-rate="1">
                            <lines>
                                <line hits="1" number="366" branch="false"/>
                            </lines>
                        </method>
                        <method name="miaou_cli::tests::test_run_with_different_log_levels" signature="" complexity="0" line-rate="1" branch-rate="1">
                            <lines>
                                <line hits="1" number="657" branch="false"/>
                            </lines>
                        </method>
                        <method name="miaou_cli::tests::test_run_aead_encrypt_invalid_nonce" signature="" complexity="0" line-rate="1" branch-rate="1">
                            <lines>
                                <line hits="1" number="504" branch="false"/>
                            </lines>
                        </method>
                        <method name="miaou_cli::tests::test_run_aead_decrypt_invalid_ciphertext" signature="" complexity="0" line-rate="1" branch-rate="1">
                            <lines>
                                <line hits="1" number="520" branch="false"/>
                            </lines>
                        </method>
                        <method name="miaou_cli::tests::test_verify_command_with_invalid_key_format" signature="" complexity="0" line-rate="1" branch-rate="1">
                            <lines>
                                <line hits="1" number="563" branch="false"/>
                            </lines>
                        </method>
                        <method name="miaou_cli::tests::test_run_verify_with_invalid_signature_format" signature="" complexity="0" line-rate="1" branch-rate="1">
                            <lines>
                                <line hits="1" number="448" branch="false"/>
                            </lines>
                        </method>
                    </methods>
                    <lines>
                        <line branch="false" hits="0" number="57"/>
                        <line branch="false" hits="0" number="58"/>
                        <line branch="false" hits="0" number="59"/>
                        <line branch="false" hits="0" number="60"/>
                        <line branch="false" hits="0" number="61"/>
                        <line branch="false" hits="0" number="62"/>
                        <line branch="false" hits="0" number="63"/>
                        <line branch="false" hits="0" number="64"/>
                        <line branch="false" hits="0" number="67"/>
                        <line branch="false" hits="22" number="69"/>
                        <line branch="false" hits="22" number="71"/>
                        <line branch="false" hits="22" number="72"/>
                        <line branch="false" hits="7" number="74"/>
                        <line branch="false" hits="7" number="75"/>
                        <line branch="false" hits="7" number="76"/>
                        <line branch="false" hits="2" number="78"/>
                        <line branch="false" hits="2" number="79"/>
                        <line branch="false" hits="0" number="80"/>
                        <line branch="false" hits="0" number="81"/>
                        <line branch="false" hits="2" number="83"/>
                        <line branch="false" hits="2" number="84"/>
                        <line branch="false" hits="0" number="85"/>
                        <line branch="false" hits="0" number="86"/>
                        <line branch="false" hits="3" number="89"/>
                        <line branch="false" hits="3" number="90"/>
                        <line branch="false" hits="3" number="91"/>
                        <line branch="false" hits="3" number="94"/>
                        <line branch="false" hits="0" number="95"/>
                        <line branch="false" hits="0" number="96"/>
                        <line branch="false" hits="0" number="97"/>
                        <line branch="false" hits="0" number="98"/>
                        <line branch="false" hits="0" number="99"/>
                        <line branch="false" hits="0" number="100"/>
                        <line branch="false" hits="0" number="101"/>
                        <line branch="false" hits="0" number="102"/>
                        <line branch="false" hits="0" number="103"/>
                        <line branch="false" hits="0" number="104"/>
                        <line branch="false" hits="5" number="107"/>
                        <line branch="false" hits="5" number="108"/>
                        <line branch="false" hits="5" number="109"/>
                        <line branch="false" hits="5" number="110"/>
                        <line branch="false" hits="5" number="112"/>
                        <line branch="false" hits="4" number="113"/>
                        <line branch="false" hits="4" number="114"/>
                        <line branch="false" hits="4" number="115"/>
                        <line branch="false" hits="3" number="116"/>
                        <line branch="false" hits="0" number="117"/>
                        <line branch="false" hits="3" number="118"/>
                        <line branch="false" hits="3" number="119"/>
                        <line branch="false" hits="3" number="122"/>
                        <line branch="false" hits="3" number="123"/>
                        <line branch="false" hits="3" number="124"/>
                        <line branch="false" hits="3" number="125"/>
                        <line branch="false" hits="3" number="127"/>
                        <line branch="false" hits="2" number="128"/>
                        <line branch="false" hits="2" number="129"/>
                        <line branch="false" hits="1" number="130"/>
                        <line branch="false" hits="1" number="131"/>
                        <line branch="false" hits="0" number="132"/>
                        <line branch="false" hits="1" number="133"/>
                        <line branch="false" hits="1" number="134"/>
                        <line branch="false" hits="22" number="137"/>
                        <line branch="false" hits="0" number="139"/>
                        <line branch="false" hits="0" number="140"/>
                        <line branch="false" hits="0" number="141"/>
                        <line branch="false" hits="0" number="142"/>
                        <line branch="false" hits="0" number="143"/>
                        <line branch="false" hits="0" number="144"/>
                        <line branch="false" hits="0" number="145"/>
                        <line branch="false" hits="0" number="146"/>
                        <line branch="false" hits="18" number="148"/>
                        <line branch="false" hits="18" number="150"/>
                        <line branch="false" hits="443" number="151"/>
                        <line branch="false" hits="425" number="152"/>
                        <line branch="false" hits="425" number="153"/>
                        <line branch="false" hits="425" number="154"/>
                        <line branch="false" hits="18" number="155"/>
                        <line branch="false" hits="18" number="156"/>
                        <line branch="false" hits="36" number="158"/>
                        <line branch="false" hits="36" number="159"/>
                        <line branch="false" hits="8" number="160"/>
                        <line branch="false" hits="28" number="161"/>
                        <line branch="false" hits="28" number="162"/>
                        <line branch="false" hits="28" number="163"/>
                        <line branch="false" hits="559" number="164"/>
                        <line branch="false" hits="559" number="165"/>
                        <line branch="false" hits="559" number="166"/>
                        <line branch="false" hits="559" number="167"/>
                        <line branch="false" hits="28" number="168"/>
                        <line branch="false" hits="36" number="169"/>
                        <line branch="false" hits="1154" number="171"/>
                        <line branch="false" hits="1154" number="172"/>
                        <line branch="false" hits="1154" number="173"/>
                        <line branch="false" hits="287" number="174"/>
                        <line branch="false" hits="30" number="175"/>
                        <line branch="false" hits="18" number="176"/>
                        <line branch="false" hits="1154" number="178"/>
                        <line branch="false" hits="1" number="185"/>
                        <line branch="false" hits="1" number="186"/>
                        <line branch="false" hits="1" number="187"/>
                        <line branch="false" hits="1" number="188"/>
                        <line branch="false" hits="1" number="189"/>
                        <line branch="false" hits="1" number="190"/>
                        <line branch="false" hits="1" number="191"/>
                        <line branch="false" hits="1" number="194"/>
                        <line branch="false" hits="1" number="195"/>
                        <line branch="false" hits="1" number="196"/>
                        <line branch="false" hits="1" number="197"/>
                        <line branch="false" hits="1" number="198"/>
                        <line branch="false" hits="1" number="199"/>
                        <line branch="false" hits="1" number="200"/>
                        <line branch="false" hits="1" number="201"/>
                        <line branch="false" hits="1" number="204"/>
                        <line branch="false" hits="1" number="206"/>
                        <line branch="false" hits="1" number="207"/>
                        <line branch="false" hits="1" number="210"/>
                        <line branch="false" hits="1" number="211"/>
                        <line branch="false" hits="1" number="214"/>
                        <line branch="false" hits="1" number="216"/>
                        <line branch="false" hits="1" number="217"/>
                        <line branch="false" hits="1" number="220"/>
                        <line branch="false" hits="1" number="221"/>
                        <line branch="false" hits="1" number="224"/>
                        <line branch="false" hits="1" number="225"/>
                        <line branch="false" hits="1" number="228"/>
                        <line branch="false" hits="1" number="229"/>
                        <line branch="false" hits="1" number="230"/>
                        <line branch="false" hits="1" number="233"/>
                        <line branch="false" hits="1" number="235"/>
                        <line branch="false" hits="1" number="236"/>
                        <line branch="false" hits="1" number="237"/>
                        <line branch="false" hits="1" number="238"/>
                        <line branch="false" hits="1" number="239"/>
                        <line branch="false" hits="1" number="242"/>
                        <line branch="false" hits="1" number="244"/>
                        <line branch="false" hits="1" number="245"/>
                        <line branch="false" hits="1" number="246"/>
                        <line branch="false" hits="1" number="247"/>
                        <line branch="false" hits="1" number="248"/>
                        <line branch="false" hits="1" number="249"/>
                        <line branch="false" hits="1" number="250"/>
                        <line branch="false" hits="1" number="251"/>
                        <line branch="false" hits="1" number="252"/>
                        <line branch="false" hits="1" number="253"/>
                        <line branch="false" hits="1" number="254"/>
                        <line branch="false" hits="1" number="255"/>
                        <line branch="false" hits="1" number="256"/>
                        <line branch="false" hits="1" number="257"/>
                        <line branch="false" hits="1" number="258"/>
                        <line branch="false" hits="1" number="259"/>
                        <line branch="false" hits="1" number="260"/>
                        <line branch="false" hits="1" number="261"/>
                        <line branch="false" hits="1" number="262"/>
                        <line branch="false" hits="1" number="263"/>
                        <line branch="false" hits="1" number="264"/>
                        <line branch="false" hits="1" number="265"/>
                        <line branch="false" hits="1" number="266"/>
                        <line branch="false" hits="1" number="267"/>
                        <line branch="false" hits="1" number="269"/>
                        <line branch="false" hits="1" number="270"/>
                        <line branch="false" hits="1" number="273"/>
                        <line branch="false" hits="1" number="274"/>
                        <line branch="false" hits="1" number="275"/>
                        <line branch="false" hits="1" number="276"/>
                        <line branch="false" hits="1" number="277"/>
                        <line branch="false" hits="1" number="278"/>
                        <line branch="false" hits="1" number="281"/>
                        <line branch="false" hits="1" number="283"/>
                        <line branch="false" hits="1" number="284"/>
                        <line branch="false" hits="1" number="285"/>
                        <line branch="false" hits="1" number="286"/>
                        <line branch="false" hits="1" number="289"/>
                        <line branch="false" hits="1" number="290"/>
                        <line branch="false" hits="1" number="292"/>
                        <line branch="false" hits="1" number="295"/>
                        <line branch="false" hits="1" number="296"/>
                        <line branch="false" hits="1" number="298"/>
                        <line branch="false" hits="1" number="301"/>
                        <line branch="false" hits="1" number="302"/>
                        <line branch="false" hits="1" number="304"/>
                        <line branch="false" hits="1" number="305"/>
                        <line branch="false" hits="1" number="306"/>
                        <line branch="false" hits="1" number="309"/>
                        <line branch="false" hits="1" number="310"/>
                        <line branch="false" hits="1" number="311"/>
                        <line branch="false" hits="1" number="312"/>
                        <line branch="false" hits="1" number="313"/>
                        <line branch="false" hits="1" number="316"/>
                        <line branch="false" hits="1" number="317"/>
                        <line branch="false" hits="1" number="318"/>
                        <line branch="false" hits="1" number="321"/>
                        <line branch="false" hits="1" number="322"/>
                        <line branch="false" hits="1" number="323"/>
                        <line branch="false" hits="1" number="324"/>
                        <line branch="false" hits="1" number="325"/>
                        <line branch="false" hits="1" number="326"/>
                        <line branch="false" hits="1" number="327"/>
                        <line branch="false" hits="1" number="330"/>
                        <line branch="false" hits="1" number="331"/>
                        <line branch="false" hits="1" number="332"/>
                        <line branch="false" hits="1" number="335"/>
                        <line branch="false" hits="1" number="336"/>
                        <line branch="false" hits="1" number="337"/>
                        <line branch="false" hits="1" number="338"/>
                        <line branch="false" hits="1" number="339"/>
                        <line branch="false" hits="1" number="340"/>
                        <line branch="false" hits="1" number="341"/>
                        <line branch="false" hits="1" number="342"/>
                        <line branch="false" hits="1" number="345"/>
                        <line branch="false" hits="1" number="346"/>
                        <line branch="false" hits="1" number="347"/>
                        <line branch="false" hits="1" number="350"/>
                        <line branch="false" hits="1" number="351"/>
                        <line branch="false" hits="1" number="352"/>
                        <line branch="false" hits="1" number="353"/>
                        <line branch="false" hits="1" number="354"/>
                        <line branch="false" hits="1" number="355"/>
                        <line branch="false" hits="1" number="356"/>
                        <line branch="false" hits="1" number="357"/>
                        <line branch="false" hits="1" number="358"/>
                        <line branch="false" hits="1" number="361"/>
                        <line branch="false" hits="1" number="362"/>
                        <line branch="false" hits="1" number="363"/>
                        <line branch="false" hits="1" number="366"/>
                        <line branch="false" hits="1" number="367"/>
                        <line branch="false" hits="1" number="368"/>
                        <line branch="false" hits="1" number="369"/>
                        <line branch="false" hits="1" number="370"/>
                        <line branch="false" hits="1" number="371"/>
                        <line branch="false" hits="1" number="372"/>
                        <line branch="false" hits="1" number="373"/>
                        <line branch="false" hits="1" number="374"/>
                        <line branch="false" hits="1" number="375"/>
                        <line branch="false" hits="1" number="378"/>
                        <line branch="false" hits="1" number="379"/>
                        <line branch="false" hits="1" number="380"/>
                        <line branch="false" hits="1" number="383"/>
                        <line branch="false" hits="1" number="384"/>
                        <line branch="false" hits="1" number="385"/>
                        <line branch="false" hits="1" number="386"/>
                        <line branch="false" hits="1" number="387"/>
                        <line branch="false" hits="1" number="388"/>
                        <line branch="false" hits="1" number="389"/>
                        <line branch="false" hits="1" number="390"/>
                        <line branch="false" hits="1" number="391"/>
                        <line branch="false" hits="1" number="392"/>
                        <line branch="false" hits="1" number="395"/>
                        <line branch="false" hits="1" number="396"/>
                        <line branch="false" hits="1" number="397"/>
                        <line branch="false" hits="1" number="400"/>
                        <line branch="false" hits="1" number="406"/>
                        <line branch="false" hits="6" number="407"/>
                        <line branch="false" hits="5" number="409"/>
                        <line branch="false" hits="5" number="410"/>
                        <line branch="false" hits="1" number="412"/>
                        <line branch="false" hits="1" number="415"/>
                        <line branch="false" hits="1" number="416"/>
                        <line branch="false" hits="1" number="417"/>
                        <line branch="false" hits="1" number="419"/>
                        <line branch="false" hits="1" number="420"/>
                        <line branch="false" hits="1" number="421"/>
                        <line branch="false" hits="1" number="422"/>
                        <line branch="false" hits="1" number="423"/>
                        <line branch="false" hits="1" number="424"/>
                        <line branch="false" hits="1" number="428"/>
                        <line branch="false" hits="1" number="429"/>
                        <line branch="false" hits="1" number="430"/>
                        <line branch="false" hits="1" number="433"/>
                        <line branch="false" hits="1" number="435"/>
                        <line branch="false" hits="1" number="436"/>
                        <line branch="false" hits="1" number="437"/>
                        <line branch="false" hits="1" number="438"/>
                        <line branch="false" hits="1" number="439"/>
                        <line branch="false" hits="1" number="440"/>
                        <line branch="false" hits="1" number="441"/>
                        <line branch="false" hits="1" number="443"/>
                        <line branch="false" hits="1" number="444"/>
                        <line branch="false" hits="1" number="445"/>
                        <line branch="false" hits="1" number="448"/>
                        <line branch="false" hits="1" number="449"/>
                        <line branch="false" hits="1" number="450"/>
                        <line branch="false" hits="1" number="451"/>
                        <line branch="false" hits="1" number="452"/>
                        <line branch="false" hits="1" number="453"/>
                        <line branch="false" hits="1" number="454"/>
                        <line branch="false" hits="1" number="455"/>
                        <line branch="false" hits="1" number="456"/>
                        <line branch="false" hits="1" number="458"/>
                        <line branch="false" hits="1" number="459"/>
                        <line branch="false" hits="1" number="460"/>
                        <line branch="false" hits="1" number="463"/>
                        <line branch="false" hits="1" number="464"/>
                        <line branch="false" hits="1" number="465"/>
                        <line branch="false" hits="1" number="466"/>
                        <line branch="false" hits="1" number="467"/>
                        <line branch="false" hits="1" number="468"/>
                        <line branch="false" hits="1" number="469"/>
                        <line branch="false" hits="1" number="470"/>
                        <line branch="false" hits="1" number="471"/>
                        <line branch="false" hits="1" number="472"/>
                        <line branch="false" hits="1" number="474"/>
                        <line branch="false" hits="1" number="475"/>
                        <line branch="false" hits="1" number="476"/>
                        <line branch="false" hits="1" number="479"/>
                        <line branch="false" hits="1" number="481"/>
                        <line branch="false" hits="1" number="482"/>
                        <line branch="false" hits="1" number="483"/>
                        <line branch="false" hits="1" number="484"/>
                        <line branch="false" hits="1" number="486"/>
                        <line branch="false" hits="1" number="487"/>
                        <line branch="false" hits="1" number="489"/>
                        <line branch="false" hits="1" number="490"/>
                        <line branch="false" hits="1" number="491"/>
                        <line branch="false" hits="1" number="492"/>
                        <line branch="false" hits="1" number="493"/>
                        <line branch="false" hits="1" number="494"/>
                        <line branch="false" hits="1" number="495"/>
                        <line branch="false" hits="1" number="496"/>
                        <line branch="false" hits="1" number="497"/>
                        <line branch="false" hits="1" number="499"/>
                        <line branch="false" hits="1" number="500"/>
                        <line branch="false" hits="1" number="501"/>
                        <line branch="false" hits="1" number="504"/>
                        <line branch="false" hits="1" number="505"/>
                        <line branch="false" hits="1" number="506"/>
                        <line branch="false" hits="1" number="507"/>
                        <line branch="false" hits="1" number="508"/>
                        <line branch="false" hits="1" number="509"/>
                        <line branch="false" hits="1" number="510"/>
                        <line branch="false" hits="1" number="511"/>
                        <line branch="false" hits="1" number="512"/>
                        <line branch="false" hits="1" number="513"/>
                        <line branch="false" hits="1" number="515"/>
                        <line branch="false" hits="1" number="516"/>
                        <line branch="false" hits="1" number="517"/>
                        <line branch="false" hits="1" number="520"/>
                        <line branch="false" hits="1" number="521"/>
                        <line branch="false" hits="1" number="522"/>
                        <line branch="false" hits="1" number="523"/>
                        <line branch="false" hits="1" number="524"/>
                        <line branch="false" hits="1" number="525"/>
                        <line branch="false" hits="1" number="526"/>
                        <line branch="false" hits="1" number="527"/>
                        <line branch="false" hits="1" number="528"/>
                        <line branch="false" hits="1" number="529"/>
                        <line branch="false" hits="1" number="531"/>
                        <line branch="false" hits="1" number="532"/>
                        <line branch="false" hits="1" number="533"/>
                        <line branch="false" hits="1" number="536"/>
                        <line branch="false" hits="1" number="540"/>
                        <line branch="false" hits="1" number="541"/>
                        <line branch="false" hits="1" number="542"/>
                        <line branch="false" hits="1" number="543"/>
                        <line branch="false" hits="1" number="544"/>
                        <line branch="false" hits="1" number="547"/>
                        <line branch="false" hits="1" number="548"/>
                        <line branch="false" hits="1" number="550"/>
                        <line branch="false" hits="1" number="551"/>
                        <line branch="false" hits="1" number="552"/>
                        <line branch="false" hits="1" number="553"/>
                        <line branch="false" hits="1" number="554"/>
                        <line branch="false" hits="1" number="555"/>
                        <line branch="false" hits="1" number="556"/>
                        <line branch="false" hits="1" number="557"/>
                        <line branch="false" hits="1" number="558"/>
                        <line branch="false" hits="1" number="559"/>
                        <line branch="false" hits="1" number="560"/>
                        <line branch="false" hits="1" number="563"/>
                        <line branch="false" hits="1" number="564"/>
                        <line branch="false" hits="1" number="565"/>
                        <line branch="false" hits="1" number="566"/>
                        <line branch="false" hits="1" number="567"/>
                        <line branch="false" hits="1" number="568"/>
                        <line branch="false" hits="1" number="569"/>
                        <line branch="false" hits="1" number="570"/>
                        <line branch="false" hits="1" number="571"/>
                        <line branch="false" hits="1" number="573"/>
                        <line branch="false" hits="1" number="574"/>
                        <line branch="false" hits="1" number="575"/>
                        <line branch="false" hits="1" number="578"/>
                        <line branch="false" hits="1" number="580"/>
                        <line branch="false" hits="1" number="583"/>
                        <line branch="false" hits="1" number="586"/>
                        <line branch="false" hits="1" number="589"/>
                        <line branch="false" hits="1" number="590"/>
                        <line branch="false" hits="1" number="593"/>
                        <line branch="false" hits="1" number="594"/>
                        <line branch="false" hits="1" number="597"/>
                        <line branch="false" hits="1" number="599"/>
                        <line branch="false" hits="1" number="602"/>
                        <line branch="false" hits="1" number="603"/>
                        <line branch="false" hits="1" number="604"/>
                        <line branch="false" hits="1" number="607"/>
                        <line branch="false" hits="1" number="608"/>
                        <line branch="false" hits="1" number="609"/>
                        <line branch="false" hits="1" number="610"/>
                        <line branch="false" hits="1" number="611"/>
                        <line branch="false" hits="1" number="614"/>
                        <line branch="false" hits="10" number="616"/>
                        <line branch="false" hits="10" number="617"/>
                        <line branch="false" hits="6" number="621"/>
                        <line branch="false" hits="6" number="622"/>
                        <line branch="false" hits="6" number="626"/>
                        <line branch="false" hits="6" number="627"/>
                        <line branch="false" hits="1" number="631"/>
                        <line branch="false" hits="1" number="632"/>
                        <line branch="false" hits="1" number="633"/>
                        <line branch="false" hits="1" number="634"/>
                        <line branch="false" hits="1" number="635"/>
                        <line branch="false" hits="1" number="636"/>
                        <line branch="false" hits="1" number="637"/>
                        <line branch="false" hits="1" number="640"/>
                        <line branch="false" hits="1" number="641"/>
                        <line branch="false" hits="1" number="642"/>
                        <line branch="false" hits="1" number="643"/>
                        <line branch="false" hits="1" number="644"/>
                        <line branch="false" hits="1" number="645"/>
                        <line branch="false" hits="1" number="646"/>
                        <line branch="false" hits="1" number="647"/>
                        <line branch="false" hits="1" number="648"/>
                        <line branch="false" hits="1" number="649"/>
                        <line branch="false" hits="1" number="651"/>
                        <line branch="false" hits="1" number="653"/>
                        <line branch="false" hits="1" number="654"/>
                        <line branch="false" hits="1" number="657"/>
                        <line branch="false" hits="1" number="659"/>
                        <line branch="false" hits="6" number="661"/>
                        <line branch="false" hits="5" number="662"/>
                        <line branch="false" hits="5" number="663"/>
                        <line branch="false" hits="5" number="664"/>
                        <line branch="false" hits="5" number="665"/>
                        <line branch="false" hits="5" number="666"/>
                        <line branch="false" hits="1" number="668"/>
                        <line branch="false" hits="1" number="671"/>
                        <line branch="false" hits="1" number="673"/>
                        <line branch="false" hits="1" number="674"/>
                        <line branch="false" hits="1" number="675"/>
                        <line branch="false" hits="1" number="676"/>
                        <line branch="false" hits="1" number="677"/>
                        <line branch="false" hits="1" number="678"/>
                        <line branch="false" hits="1" number="679"/>
                        <line branch="false" hits="1" number="680"/>
                        <line branch="false" hits="1" number="681"/>
                        <line branch="false" hits="1" number="682"/>
                        <line branch="false" hits="1" number="683"/>
                        <line branch="false" hits="1" number="684"/>
                        <line branch="false" hits="1" number="685"/>
                        <line branch="false" hits="1" number="686"/>
                        <line branch="false" hits="1" number="687"/>
                        <line branch="false" hits="1" number="688"/>
                        <line branch="false" hits="1" number="689"/>
                        <line branch="false" hits="1" number="690"/>
                        <line branch="false" hits="1" number="691"/>
                        <line branch="false" hits="1" number="692"/>
                        <line branch="false" hits="1" number="693"/>
                        <line branch="false" hits="7" number="696"/>
                        <line branch="false" hits="6" number="697"/>
                        <line branch="false" hits="6" number="698"/>
                        <line branch="false" hits="1" number="700"/>
                        <line branch="false" hits="1" number="703"/>
                        <line branch="false" hits="1" number="704"/>
                        <line branch="false" hits="1" number="705"/>
                        <line branch="false" hits="1" number="706"/>
                        <line branch="false" hits="1" number="707"/>
                        <line branch="false" hits="1" number="709"/>
                        <line branch="false" hits="1" number="710"/>
                        <line branch="false" hits="1" number="711"/>
                        <line branch="false" hits="1" number="712"/>
                        <line branch="false" hits="1" number="713"/>
                    </lines>
                </class>
            </classes>
        </package>
        <package line-rate="1" branch-rate="0" name="crates.keyring.src" complexity="0">
            <classes>
                <class branch-rate="0" complexity="0" filename="crates/keyring/src/lib.rs" line-rate="1" name="crates.keyring.src.lib.rs">
                    <methods>
                        <method name="miaou_keyring::hex" signature="" complexity="0" line-rate="1" branch-rate="1">
                            <lines>
                                <line hits="8" number="96" branch="false"/>
                            </lines>
                        </method>
                        <method name="miaou_keyring::hex" signature="" complexity="0" line-rate="1" branch-rate="1">
                            <lines>
                                <line hits="8" number="96" branch="false"/>
                            </lines>
                        </method>
                        <method name="&lt;miaou_keyring::MemoryKeyStore&gt;::new" signature="" complexity="0" line-rate="1" branch-rate="1">
                            <lines>
                                <line hits="5" number="53" branch="false"/>
                            </lines>
                        </method>
                        <method name="&lt;miaou_keyring::MemoryKeyStore&gt;::new" signature="" complexity="0" line-rate="1" branch-rate="1">
                            <lines>
                                <line hits="23" number="53" branch="false"/>
                            </lines>
                        </method>
                        <method name="miaou_keyring::tests::test_hex_function" signature="" complexity="0" line-rate="1" branch-rate="1">
                            <lines>
                                <line hits="1" number="168" branch="false"/>
                            </lines>
                        </method>
                        <method name="miaou_keyring::tests::test_multiple_keys" signature="" complexity="0" line-rate="1" branch-rate="1">
                            <lines>
                                <line hits="1" number="187" branch="false"/>
                            </lines>
                        </method>
                        <method name="miaou_keyring::tests::test_key_entry_drop" signature="" complexity="0" line-rate="1" branch-rate="1">
                            <lines>
                                <line hits="1" number="177" branch="false"/>
                            </lines>
                        </method>
                        <method name="miaou_keyring::tests::test_sign_invalid_key" signature="" complexity="0" line-rate="1" branch-rate="1">
                            <lines>
                                <line hits="1" number="142" branch="false"/>
                            </lines>
                        </method>
                        <method name="miaou_keyring::tests::mem_keystore_lifecycle" signature="" complexity="0" line-rate="1" branch-rate="1">
                            <lines>
                                <line hits="1" number="111" branch="false"/>
                            </lines>
                        </method>
                        <method name="miaou_keyring::tests::test_key_id_from_string" signature="" complexity="0" line-rate="1" branch-rate="1">
                            <lines>
                                <line hits="1" number="125" branch="false"/>
                            </lines>
                        </method>
                        <method name="miaou_keyring::tests::test_key_id_debug_and_clone" signature="" complexity="0" line-rate="1" branch-rate="1">
                            <lines>
                                <line hits="1" number="158" branch="false"/>
                            </lines>
                        </method>
                        <method name="miaou_keyring::tests::test_memory_keystore_default" signature="" complexity="0" line-rate="1" branch-rate="1">
                            <lines>
                                <line hits="1" number="150" branch="false"/>
                            </lines>
                        </method>
                        <method name="miaou_keyring::tests::test_export_public_invalid_key" signature="" complexity="0" line-rate="1" branch-rate="1">
                            <lines>
                                <line hits="1" number="134" branch="false"/>
                            </lines>
                        </method>
                        <method name="&lt;miaou_keyring::KeyEntry as core::ops::drop::Drop&gt;::drop" signature="" complexity="0" line-rate="1" branch-rate="1">
                            <lines>
                                <line hits="4" number="30" branch="false"/>
                            </lines>
                        </method>
                        <method name="&lt;miaou_keyring::KeyEntry as core::ops::drop::Drop&gt;::drop" signature="" complexity="0" line-rate="1" branch-rate="1">
                            <lines>
                                <line hits="8" number="30" branch="false"/>
                            </lines>
                        </method>
                        <method name="&lt;miaou_keyring::KeyId as core::convert::From&lt;alloc::string::String&gt;&gt;::from" signature="" complexity="0" line-rate="1" branch-rate="1">
                            <lines>
                                <line hits="1" number="59" branch="false"/>
                            </lines>
                        </method>
                        <method name="&lt;miaou_keyring::KeyId as core::convert::From&lt;alloc::string::String&gt;&gt;::from" signature="" complexity="0" line-rate="0" branch-rate="0">
                            <lines>
                                <line hits="0" number="59" branch="false"/>
                            </lines>
                        </method>
                        <method name="&lt;miaou_keyring::KeyId as core::convert::From&lt;&amp;str&gt;&gt;::from" signature="" complexity="0" line-rate="1" branch-rate="1">
                            <lines>
                                <line hits="4" number="64" branch="false"/>
                            </lines>
                        </method>
                        <method name="&lt;miaou_keyring::KeyId as core::convert::From&lt;&amp;str&gt;&gt;::from" signature="" complexity="0" line-rate="0" branch-rate="0">
                            <lines>
                                <line hits="0" number="64" branch="false"/>
                            </lines>
                        </method>
                        <method name="&lt;miaou_keyring::MemoryKeyStore as miaou_keyring::KeyStore&gt;::export_public" signature="" complexity="0" line-rate="1" branch-rate="1">
                            <lines>
                                <line hits="4" number="78" branch="false"/>
                            </lines>
                        </method>
                        <method name="&lt;miaou_keyring::MemoryKeyStore as miaou_keyring::KeyStore&gt;::generate_ed25519" signature="" complexity="0" line-rate="1" branch-rate="1">
                            <lines>
                                <line hits="3" number="70" branch="false"/>
                            </lines>
                        </method>
                        <method name="&lt;miaou_keyring::MemoryKeyStore as miaou_keyring::KeyStore&gt;::sign" signature="" complexity="0" line-rate="1" branch-rate="1">
                            <lines>
                                <line hits="4" number="86" branch="false"/>
                            </lines>
                        </method>
                        <method name="&lt;miaou_keyring::MemoryKeyStore as miaou_keyring::KeyStore&gt;::export_public" signature="" complexity="0" line-rate="1" branch-rate="1">
                            <lines>
                                <line hits="5" number="78" branch="false"/>
                            </lines>
                        </method>
                        <method name="&lt;miaou_keyring::MemoryKeyStore as miaou_keyring::KeyStore&gt;::generate_ed25519" signature="" complexity="0" line-rate="1" branch-rate="1">
                            <lines>
                                <line hits="8" number="70" branch="false"/>
                            </lines>
                        </method>
                        <method name="&lt;miaou_keyring::MemoryKeyStore as miaou_keyring::KeyStore&gt;::sign" signature="" complexity="0" line-rate="1" branch-rate="1">
                            <lines>
                                <line hits="2" number="86" branch="false"/>
                            </lines>
                        </method>
                    </methods>
                    <lines>
                        <line branch="false" hits="12" number="30"/>
                        <line branch="false" hits="12" number="31"/>
                        <line branch="false" hits="12" number="32"/>
                        <line branch="false" hits="28" number="53"/>
                        <line branch="false" hits="28" number="54"/>
                        <line branch="false" hits="28" number="55"/>
                        <line branch="false" hits="1" number="59"/>
                        <line branch="false" hits="1" number="60"/>
                        <line branch="false" hits="1" number="61"/>
                        <line branch="false" hits="4" number="64"/>
                        <line branch="false" hits="4" number="65"/>
                        <line branch="false" hits="4" number="66"/>
                        <line branch="false" hits="11" number="70"/>
                        <line branch="false" hits="11" number="71"/>
                        <line branch="false" hits="11" number="72"/>
                        <line branch="false" hits="11" number="73"/>
                        <line branch="false" hits="11" number="74"/>
                        <line branch="false" hits="11" number="75"/>
                        <line branch="false" hits="11" number="76"/>
                        <line branch="false" hits="9" number="78"/>
                        <line branch="false" hits="9" number="79"/>
                        <line branch="false" hits="6" number="80"/>
                        <line branch="false" hits="3" number="82"/>
                        <line branch="false" hits="3" number="83"/>
                        <line branch="false" hits="9" number="84"/>
                        <line branch="false" hits="6" number="86"/>
                        <line branch="false" hits="6" number="87"/>
                        <line branch="false" hits="3" number="88"/>
                        <line branch="false" hits="3" number="90"/>
                        <line branch="false" hits="3" number="91"/>
                        <line branch="false" hits="6" number="92"/>
                        <line branch="false" hits="16" number="96"/>
                        <line branch="false" hits="16" number="98"/>
                        <line branch="false" hits="113" number="99"/>
                        <line branch="false" hits="97" number="100"/>
                        <line branch="false" hits="97" number="101"/>
                        <line branch="false" hits="97" number="102"/>
                        <line branch="false" hits="16" number="103"/>
                        <line branch="false" hits="16" number="104"/>
                        <line branch="false" hits="1" number="111"/>
                        <line branch="false" hits="1" number="112"/>
                        <line branch="false" hits="1" number="113"/>
                        <line branch="false" hits="1" number="114"/>
                        <line branch="false" hits="1" number="115"/>
                        <line branch="false" hits="1" number="117"/>
                        <line branch="false" hits="1" number="118"/>
                        <line branch="false" hits="1" number="119"/>
                        <line branch="false" hits="1" number="120"/>
                        <line branch="false" hits="1" number="121"/>
                        <line branch="false" hits="1" number="122"/>
                        <line branch="false" hits="1" number="125"/>
                        <line branch="false" hits="1" number="126"/>
                        <line branch="false" hits="1" number="127"/>
                        <line branch="false" hits="1" number="128"/>
                        <line branch="false" hits="1" number="129"/>
                        <line branch="false" hits="1" number="130"/>
                        <line branch="false" hits="1" number="131"/>
                        <line branch="false" hits="1" number="134"/>
                        <line branch="false" hits="1" number="135"/>
                        <line branch="false" hits="1" number="136"/>
                        <line branch="false" hits="1" number="137"/>
                        <line branch="false" hits="1" number="138"/>
                        <line branch="false" hits="1" number="139"/>
                        <line branch="false" hits="1" number="142"/>
                        <line branch="false" hits="1" number="143"/>
                        <line branch="false" hits="1" number="144"/>
                        <line branch="false" hits="1" number="145"/>
                        <line branch="false" hits="1" number="146"/>
                        <line branch="false" hits="1" number="147"/>
                        <line branch="false" hits="1" number="150"/>
                        <line branch="false" hits="1" number="151"/>
                        <line branch="false" hits="1" number="152"/>
                        <line branch="false" hits="1" number="153"/>
                        <line branch="false" hits="1" number="154"/>
                        <line branch="false" hits="1" number="155"/>
                        <line branch="false" hits="1" number="158"/>
                        <line branch="false" hits="1" number="159"/>
                        <line branch="false" hits="1" number="160"/>
                        <line branch="false" hits="1" number="161"/>
                        <line branch="false" hits="1" number="163"/>
                        <line branch="false" hits="1" number="164"/>
                        <line branch="false" hits="1" number="165"/>
                        <line branch="false" hits="1" number="168"/>
                        <line branch="false" hits="1" number="169"/>
                        <line branch="false" hits="1" number="170"/>
                        <line branch="false" hits="1" number="171"/>
                        <line branch="false" hits="1" number="172"/>
                        <line branch="false" hits="1" number="173"/>
                        <line branch="false" hits="1" number="174"/>
                        <line branch="false" hits="1" number="177"/>
                        <line branch="false" hits="1" number="178"/>
                        <line branch="false" hits="1" number="179"/>
                        <line branch="false" hits="1" number="180"/>
                        <line branch="false" hits="1" number="182"/>
                        <line branch="false" hits="1" number="184"/>
                        <line branch="false" hits="1" number="187"/>
                        <line branch="false" hits="1" number="188"/>
                        <line branch="false" hits="1" number="191"/>
                        <line branch="false" hits="1" number="192"/>
                        <line branch="false" hits="1" number="195"/>
                        <line branch="false" hits="1" number="198"/>
                        <line branch="false" hits="1" number="199"/>
                        <line branch="false" hits="1" number="200"/>
                        <line branch="false" hits="1" number="202"/>
                        <line branch="false" hits="1" number="203"/>
                        <line branch="false" hits="1" number="204"/>
                        <line branch="false" hits="1" number="205"/>
                    </lines>
                </class>
            </classes>
        </package>
        <package line-rate="0.9857142857142858" branch-rate="0" name="crates.core.src" complexity="0">
            <classes>
                <class branch-rate="0" complexity="0" filename="crates/core/src/lib.rs" line-rate="0.9857142857142858" name="crates.core.src.lib.rs">
                    <methods>
                        <method name="&lt;core::result::Result&lt;alloc::vec::Vec&lt;u8&gt;, aead::Error&gt; as miaou_core::IntoMiaouError&lt;alloc::vec::Vec&lt;u8&gt;&gt;&gt;::miaou::{closure#0}" signature="" complexity="0" line-rate="0" branch-rate="0">
                            <lines>
                                <line hits="0" number="67" branch="false"/>
                            </lines>
                        </method>
                        <method name="&lt;core::result::Result&lt;alloc::vec::Vec&lt;u8&gt;, aead::Error&gt; as miaou_core::IntoMiaouError&lt;alloc::vec::Vec&lt;u8&gt;&gt;&gt;::miaou::{closure#0}" signature="" complexity="0" line-rate="0" branch-rate="0">
                            <lines>
                                <line hits="0" number="67" branch="false"/>
                            </lines>
                        </method>
                        <method name="&lt;core::result::Result&lt;i32, core::num::error::ParseIntError&gt; as miaou_core::IntoMiaouError&lt;i32&gt;&gt;::miaou::{closure#0}" signature="" complexity="0" line-rate="1" branch-rate="1">
                            <lines>
                                <line hits="1" number="67" branch="false"/>
                            </lines>
                        </method>
                        <method name="&lt;core::result::Result&lt;i32, &amp;str&gt; as miaou_core::IntoMiaouError&lt;i32&gt;&gt;::miaou::{closure#0}" signature="" complexity="0" line-rate="1" branch-rate="1">
                            <lines>
                                <line hits="1" number="67" branch="false"/>
                            </lines>
                        </method>
                        <method name="&lt;core::result::Result&lt;(), std::io::error::Error&gt; as miaou_core::IntoMiaouError&lt;()&gt;&gt;::miaou::{closure#0}" signature="" complexity="0" line-rate="1" branch-rate="1">
                            <lines>
                                <line hits="1" number="67" branch="false"/>
                            </lines>
                        </method>
                        <method name="miaou_core::tests::test_miaou_error_debug" signature="" complexity="0" line-rate="1" branch-rate="1">
                            <lines>
                                <line hits="1" number="147" branch="false"/>
                            </lines>
                        </method>
                        <method name="miaou_core::tests::test_miaou_error_display" signature="" complexity="0" line-rate="1" branch-rate="1">
                            <lines>
                                <line hits="1" number="114" branch="false"/>
                            </lines>
                        </method>
                        <method name="miaou_core::tests::test_sensitive_bytes_drop" signature="" complexity="0" line-rate="1" branch-rate="1">
                            <lines>
                                <line hits="1" number="101" branch="false"/>
                            </lines>
                        </method>
                        <method name="miaou_core::tests::test_sensitive_bytes_basic" signature="" complexity="0" line-rate="1" branch-rate="1">
                            <lines>
                                <line hits="1" number="76" branch="false"/>
                            </lines>
                        </method>
                        <method name="miaou_core::tests::test_sensitive_bytes_deref" signature="" complexity="0" line-rate="1" branch-rate="1">
                            <lines>
                                <line hits="1" number="88" branch="false"/>
                            </lines>
                        </method>
                        <method name="miaou_core::tests::test_into_miaou_error_failure" signature="" complexity="0" line-rate="1" branch-rate="1">
                            <lines>
                                <line hits="1" number="136" branch="false"/>
                            </lines>
                        </method>
                        <method name="miaou_core::tests::test_into_miaou_error_success" signature="" complexity="0" line-rate="1" branch-rate="1">
                            <lines>
                                <line hits="1" number="129" branch="false"/>
                            </lines>
                        </method>
                        <method name="miaou_core::tests::test_into_miaou_error_with_different_types" signature="" complexity="0" line-rate="1" branch-rate="1">
                            <lines>
                                <line hits="1" number="155" branch="false"/>
                            </lines>
                        </method>
                        <method name="&lt;miaou_core::SensitiveBytes as core::ops::deref::Deref&gt;::deref" signature="" complexity="0" line-rate="1" branch-rate="1">
                            <lines>
                                <line hits="7" number="21" branch="false"/>
                            </lines>
                        </method>
                        <method name="&lt;miaou_core::SensitiveBytes as core::ops::drop::Drop&gt;::drop" signature="" complexity="0" line-rate="1" branch-rate="1">
                            <lines>
                                <line hits="3" number="31" branch="false"/>
                            </lines>
                        </method>
                        <method name="&lt;core::result::Result&lt;alloc::vec::Vec&lt;u8&gt;, aead::Error&gt; as miaou_core::IntoMiaouError&lt;alloc::vec::Vec&lt;u8&gt;&gt;&gt;::miaou" signature="" complexity="0" line-rate="1" branch-rate="1">
                            <lines>
                                <line hits="7" number="66" branch="false"/>
                            </lines>
                        </method>
                        <method name="&lt;core::result::Result&lt;alloc::vec::Vec&lt;u8&gt;, aead::Error&gt; as miaou_core::IntoMiaouError&lt;alloc::vec::Vec&lt;u8&gt;&gt;&gt;::miaou" signature="" complexity="0" line-rate="1" branch-rate="1">
                            <lines>
                                <line hits="2" number="66" branch="false"/>
                            </lines>
                        </method>
                        <method name="&lt;core::result::Result&lt;i32, core::num::error::ParseIntError&gt; as miaou_core::IntoMiaouError&lt;i32&gt;&gt;::miaou" signature="" complexity="0" line-rate="1" branch-rate="1">
                            <lines>
                                <line hits="1" number="66" branch="false"/>
                            </lines>
                        </method>
                        <method name="&lt;core::result::Result&lt;i32, &amp;str&gt; as miaou_core::IntoMiaouError&lt;i32&gt;&gt;::miaou" signature="" complexity="0" line-rate="1" branch-rate="1">
                            <lines>
                                <line hits="2" number="66" branch="false"/>
                            </lines>
                        </method>
                        <method name="&lt;core::result::Result&lt;(), std::io::error::Error&gt; as miaou_core::IntoMiaouError&lt;()&gt;&gt;::miaou" signature="" complexity="0" line-rate="1" branch-rate="1">
                            <lines>
                                <line hits="1" number="66" branch="false"/>
                            </lines>
                        </method>
                        <method name="&lt;miaou_core::SensitiveBytes as core::ops::deref::DerefMut&gt;::deref_mut" signature="" complexity="0" line-rate="1" branch-rate="1">
                            <lines>
                                <line hits="3" number="26" branch="false"/>
                            </lines>
                        </method>
                    </methods>
                    <lines>
                        <line branch="false" hits="7" number="21"/>
                        <line branch="false" hits="7" number="22"/>
                        <line branch="false" hits="7" number="23"/>
                        <line branch="false" hits="3" number="26"/>
                        <line branch="false" hits="3" number="27"/>
                        <line branch="false" hits="3" number="28"/>
                        <line branch="false" hits="3" number="31"/>
                        <line branch="false" hits="3" number="32"/>
                        <line branch="false" hits="3" number="33"/>
                        <line branch="false" hits="13" number="66"/>
                        <line branch="false" hits="13" number="67"/>
                        <line branch="false" hits="13" number="68"/>
                        <line branch="false" hits="1" number="76"/>
                        <line branch="false" hits="1" number="77"/>
                        <line branch="false" hits="1" number="78"/>
                        <line branch="false" hits="1" number="80"/>
                        <line branch="false" hits="1" number="81"/>
                        <line branch="false" hits="1" number="82"/>
                        <line branch="false" hits="1" number="83"/>
                        <line branch="false" hits="1" number="84"/>
                        <line branch="false" hits="1" number="85"/>
                        <line branch="false" hits="1" number="88"/>
                        <line branch="false" hits="1" number="89"/>
                        <line branch="false" hits="1" number="92"/>
                        <line branch="false" hits="1" number="93"/>
                        <line branch="false" hits="1" number="96"/>
                        <line branch="false" hits="1" number="97"/>
                        <line branch="false" hits="1" number="98"/>
                        <line branch="false" hits="1" number="101"/>
                        <line branch="false" hits="1" number="102"/>
                        <line branch="false" hits="1" number="103"/>
                        <line branch="false" hits="1" number="106"/>
                        <line branch="false" hits="1" number="109"/>
                        <line branch="false" hits="1" number="111"/>
                        <line branch="false" hits="1" number="114"/>
                        <line branch="false" hits="1" number="115"/>
                        <line branch="false" hits="1" number="116"/>
                        <line branch="false" hits="1" number="118"/>
                        <line branch="false" hits="1" number="119"/>
                        <line branch="false" hits="1" number="121"/>
                        <line branch="false" hits="1" number="122"/>
                        <line branch="false" hits="1" number="124"/>
                        <line branch="false" hits="1" number="125"/>
                        <line branch="false" hits="1" number="126"/>
                        <line branch="false" hits="1" number="129"/>
                        <line branch="false" hits="1" number="130"/>
                        <line branch="false" hits="1" number="131"/>
                        <line branch="false" hits="1" number="132"/>
                        <line branch="false" hits="1" number="133"/>
                        <line branch="false" hits="1" number="136"/>
                        <line branch="false" hits="1" number="137"/>
                        <line branch="false" hits="1" number="138"/>
                        <line branch="false" hits="1" number="140"/>
                        <line branch="false" hits="1" number="141"/>
                        <line branch="false" hits="0" number="142"/>
                        <line branch="false" hits="1" number="144"/>
                        <line branch="false" hits="1" number="147"/>
                        <line branch="false" hits="1" number="148"/>
                        <line branch="false" hits="1" number="149"/>
                        <line branch="false" hits="1" number="150"/>
                        <line branch="false" hits="1" number="151"/>
                        <line branch="false" hits="1" number="152"/>
                        <line branch="false" hits="1" number="155"/>
                        <line branch="false" hits="1" number="157"/>
                        <line branch="false" hits="1" number="158"/>
                        <line branch="false" hits="1" number="159"/>
                        <line branch="false" hits="1" number="162"/>
                        <line branch="false" hits="1" number="163"/>
                        <line branch="false" hits="1" number="164"/>
                        <line branch="false" hits="1" number="165"/>
                    </lines>
                </class>
            </classes>
        </package>
    </packages>
</coverage>